#
# A fatal error has been detected by the Java Runtime Environment:
#
#  Internal Error (jvmciRuntime.cpp:1609), pid=30, tid=44
#  fatal error: Fatal exception in JVMCI: Error calling jdk.vm.ci.services.Services.serializeSavedProperties
#
# JRE version: OpenJDK Runtime Environment GraalVM CE 22.3.0 (17.0.5+8) (build 17.0.5+8-jvmci-22.3-b08)
# Java VM: OpenJDK 64-Bit Server VM GraalVM CE 22.3.0 (17.0.5+8-jvmci-22.3-b08, mixed mode, sharing, tiered, jvmci, jvmci compiler, compressed oops, compressed class ptrs, parallel gc, linux-amd64)
# Problematic frame:
# V  [libjvm.so+0x972714]  JVMCIRuntime::fatal_exception(JVMCIEnv*, char const*)+0x74
#
# Core dump will be written. Default location: Core dumps may be processed with "/usr/share/apport/apport -p%p -s%s -c%c -d%d -P%P -u%u -g%g -- %E" (or dumping to /home/runner/WritingUnitTests/core.30)
#
# If you would like to submit a bug report, please visit:
#   https://github.com/oracle/graal/issues
#

---------------  S U M M A R Y ------------

Command Line: -XX:ThreadPriorityPolicy=1 -XX:+UnlockExperimentalVMOptions -XX:+EnableJVMCIProduct -XX:JVMCIThreadsPerNativeLibraryRuntime=1 -XX:-UnlockExperimentalVMOptions -Declipse.application=org.eclipse.jdt.ls.core.id1 -Dosgi.bundles.defaultStartLevel=4 -Declipse.product=org.eclipse.jdt.ls.core.product -Dlog.level=ALL -Xverify:none -XX:+UseParallelGC -XX:GCTimeRatio=4 -XX:AdaptiveSizePolicyWeight=90 -Dsun.zip.disableMemoryMapping=true -Xmx512m -Xms100m /nix/store/m6gcpi1ii6rghy04cjwjddcavv7i90df-jdt-language-server-1.9.0/share/java/plugins/org.eclipse.equinox.launcher_1.6.400.v20210924-0641.jar --add-modules=ALL-SYSTEM --add-opens java.base/java.util=ALL-UNNAMED --add-opens java.base/java.lang=ALL-UNNAMED -configuration /home/runner/.cache/jdt-language-server/config -data /home/runner/.cache/jdt-language-server/data/home/runner/WritingUnitTests

Host: AMD EPYC 7B12, 8 cores, 1G, Ubuntu 20.04.2 LTS
Time: Wed May 24 14:42:46 2023 UTC elapsed time: 728.539359 seconds (0d 0h 12m 8s)

---------------  T H R E A D  ---------------

Current thread (0x00007f54680b21e0):  JavaThread "JVMCI-native CompilerThread0" daemon [_thread_in_vm, id=44, stack(0x00007f544d700000,0x00007f544d900000)]


Current CompileTask:
JVMCI-native: 728539 10587       4       java.lang.String::regionMatches (150 bytes)

Stack: [0x00007f544d700000,0x00007f544d900000],  sp=0x00007f544d8fe380,  free space=2040k
Native frames: (J=compiled Java code, j=interpreted, Vv=VM code, C=native code)
V  [libjvm.so+0x972714]  JVMCIRuntime::fatal_exception(JVMCIEnv*, char const*)+0x74
V  [libjvm.so+0x93e2fe]  JVMCIEnv::copy_saved_properties()+0x14e
V  [libjvm.so+0x9732a9]  JVMCIRuntime::initialize(JVMCIEnv*)+0xb19
V  [libjvm.so+0x9738a2]  JVMCIRuntime::get_HotSpotJVMCIRuntime(JVMCIEnv*)+0x12
V  [libjvm.so+0x9749f2]  JVMCIRuntime::compile_method(JVMCIEnv*, JVMCICompiler*, methodHandle const&, int)+0xd2
V  [libjvm.so+0x5b0d20]  CompileBroker::invoke_compiler_on_method(CompileTask*)+0x1470
V  [libjvm.so+0x5b12e8]  CompileBroker::compiler_thread_loop()+0x528
V  [libjvm.so+0xd82460]  JavaThread::thread_main_inner()+0xd0
V  [libjvm.so+0xd85a40]  Thread::call_run()+0xc0
V  [libjvm.so+0xbdb1e1]  thread_native_entry(Thread*)+0xe1

Register to memory mapping:

RAX=0x00007f546d3d2000 points into unknown readable memory: 0x0000000000000058 | 58 00 00 00 00 00 00 00
RBX=0x00007f546e4cd398: <offset 0x0000000000ef5398> in /nix/store/gpxl5qgg8kicmcvivwmybwjlpf7wh20l-graalvm17-ce-22.3.0/lib/server/libjvm.so at 0x00007f546d5d8000
RCX=0x00007f546e4851e8: <offset 0x0000000000ead1e8> in /nix/store/gpxl5qgg8kicmcvivwmybwjlpf7wh20l-graalvm17-ce-22.3.0/lib/server/libjvm.so at 0x00007f546d5d8000
RDX=0x0000000000000649 is an unknown value
RSP=0x00007f544d8fe380 is pointing into the stack for thread: 0x00007f54680b21e0
RBP=0x00007f544d8fe3a0 is pointing into the stack for thread: 0x00007f54680b21e0
RSI=0x00007f546e4cdc48: <offset 0x0000000000ef5c48> in /nix/store/gpxl5qgg8kicmcvivwmybwjlpf7wh20l-graalvm17-ce-22.3.0/lib/server/libjvm.so at 0x00007f546d5d8000
RDI=0x00000000e0000000 is an oop: java.lang.String 
{0x00000000e0000000} - klass: 'java/lang/String'
 - string: "resolution"
R8 =0x00007f546e4cd398: <offset 0x0000000000ef5398> in /nix/store/gpxl5qgg8kicmcvivwmybwjlpf7wh20l-graalvm17-ce-22.3.0/lib/server/libjvm.so at 0x00007f546d5d8000
R9 =0x0000000000000003 is an unknown value
R10=0x00007f546e81eda0: <offset 0x0000000001246da0> in /nix/store/gpxl5qgg8kicmcvivwmybwjlpf7wh20l-graalvm17-ce-22.3.0/lib/server/libjvm.so at 0x00007f546d5d8000
R11=0x000000080044f048 is pointing into metadata
R12=0x0 is NULL
R13=0x00007f54680b21e0 is a thread
R14=0x00007f5468000b80 points into unknown readable memory: 0x00007f546e6fea38 | 38 ea 6f 6e 54 7f 00 00
R15=0x00007f546e80ce40: <offset 0x0000000001234e40> in /nix/store/gpxl5qgg8kicmcvivwmybwjlpf7wh20l-graalvm17-ce-22.3.0/lib/server/libjvm.so at 0x00007f546d5d8000


Registers:
RAX=0x00007f546d3d2000, RBX=0x00007f546e4cd398, RCX=0x00007f546e4851e8, RDX=0x0000000000000649
RSP=0x00007f544d8fe380, RBP=0x00007f544d8fe3a0, RSI=0x00007f546e4cdc48, RDI=0x00000000e0000000
R8 =0x00007f546e4cd398, R9 =0x0000000000000003, R10=0x00007f546e81eda0, R11=0x000000080044f048
R12=0x0000000000000000, R13=0x00007f54680b21e0, R14=0x00007f5468000b80, R15=0x00007f546e80ce40
RIP=0x00007f546df4a714, EFLAGS=0x0000000000010206, CSGSFS=0x002b000000000033, ERR=0x0000000000000006
  TRAPNO=0x000000000000000e

Top of Stack: (sp=0x00007f544d8fe380)
0x00007f544d8fe380:   00007f544d8fe940 00007f54680b21e0
0x00007f544d8fe390:   00007f546cd682f8 0000000800c44b60
0x00007f544d8fe3a0:   00007f544d8fe500 00007f546df162fe
0x00007f544d8fe3b0:   00007f544d8fe3e0 00007f544d8fe440 

Instructions: (pc=0x00007f546df4a714)
0x00007f546df4a614:   30 e8 f6 cf e8 ff 4c 89 e7 e8 2e 48 d1 ff 84 db
0x00007f546df4a624:   75 2a 4d 85 ed 74 04 4d 8b 6d 00 48 83 c4 08 44
0x00007f546df4a634:   89 f9 4c 89 f2 4c 89 ee 5b 4c 89 e7 41 5c 41 5d
0x00007f546df4a644:   41 5e 41 5f 5d e9 e2 47 d1 ff 66 90 48 83 c4 08
0x00007f546df4a654:   5b 41 5c 41 5d 41 5e 41 5f 5d c3 90 31 d2 be 08
0x00007f546df4a664:   00 00 00 4c 89 ff e8 b1 78 a3 ff 49 89 c5 e9 37
0x00007f546df4a674:   ff ff ff 66 0f 1f 84 00 00 00 00 00 48 8b 7a 08
0x00007f546df4a684:   e9 6d ff ff ff 0f 1f 80 00 00 00 00 e8 5b 48 0a
0x00007f546df4a694:   00 84 c0 75 89 e9 6a ff ff ff 66 90 55 48 89 e5
0x00007f546df4a6a4:   41 56 41 55 41 54 49 89 fc 53 48 89 f3 66 48 8d
0x00007f546df4a6b4:   3d 27 5e 85 00 66 66 48 e8 df 43 8d ff 4c 8b 28
0x00007f546df4a6c4:   8b 05 be 72 8a 00 85 c0 75 14 ba 01 00 00 00 48
0x00007f546df4a6d4:   8d 0d ae 72 8a 00 f0 0f b1 11 85 c0 74 4e be c8
0x00007f546df4a6e4:   00 00 00 4c 89 ef e8 01 0b 41 00 48 8d 05 12 ac
0x00007f546df4a6f4:   85 00 49 89 d8 48 8d 0d e8 aa 53 00 ba 49 06 00
0x00007f546df4a704:   00 48 8d 35 3c 35 58 00 bf 00 00 00 e0 48 8b 00
0x00007f546df4a714:   c6 00 58 31 c0 e8 e2 91 c6 ff 5b 41 5c 41 5d 41
0x00007f546df4a724:   5e 5d e9 55 34 26 00 0f 1f 44 00 00 48 8d 05 81
0x00007f546df4a734:   a3 8b 00 48 89 df 4c 8b 30 e8 9e 43 8d ff 48 89
0x00007f546df4a744:   de 48 89 c2 49 8b 06 4c 89 f7 ff 50 08 4c 89 f7
0x00007f546df4a754:   e8 a7 5c 27 00 4d 85 e4 74 12 be 01 00 00 00 4c
0x00007f546df4a764:   89 e7 e8 35 43 fc ff eb 82 0f 1f 00 be 01 00 00
0x00007f546df4a774:   00 4c 89 ef e8 d3 fd ff ff e9 6d ff ff ff 66 66
0x00007f546df4a784:   2e 0f 1f 84 00 00 00 00 00 0f 1f 00 55 48 89 e5
0x00007f546df4a794:   41 57 41 56 41 55 41 54 53 48 81 ec 08 02 00 00
0x00007f546df4a7a4:   64 48 8b 04 25 28 00 00 00 48 89 45 c8 8b 07 83
0x00007f546df4a7b4:   f8 02 0f 84 11 04 00 00 4c 8b 6f 18 49 89 ff 49
0x00007f546df4a7c4:   89 f4 4d 85 ed 74 14 4c 89 ef e8 5d 57 22 00 41
0x00007f546df4a7d4:   8b 07 83 f8 02 0f 84 19 04 00 00 48 8d 1d 9a 06
0x00007f546df4a7e4:   8a 00 4c 8d 35 0b 3c 58 00 eb 38 90 48 85 d2 7f
0x00007f546df4a7f4:   0d 48 8d 05 b4 c0 85 00 48 83 38 00 7e 0e 41 8b
0x00007f546df4a804:   77 2c 4c 89 f7 31 c0 e8 a0 b2 f7 ff 49 8b 7f 18 


Stack slot to memory mapping:
stack at sp + 0 slots: 0x00007f544d8fe940 is pointing into the stack for thread: 0x00007f54680b21e0
stack at sp + 1 slots: 0x00007f54680b21e0 is a thread
stack at sp + 2 slots: 0x00007f546cd682f8 points into unknown readable memory: 0x657300187106ffff | ff ff 06 71 18 00 73 65
stack at sp + 3 slots: 0x0000000800c44b60 is a pointer to class: 
jdk.vm.ci.services.Services {0x0000000800c44b60}
 - instance size:     2
 - klass size:        65
 - access:            public final synchronized 
 - state:             fully_initialized
 - name:              'jdk/vm/ci/services/Services'
 - super:             'java/lang/Object'
 - sub:               
 - arrays:            NULL
 - methods:           Array<T>(0x00007f544dc60ca0)
 - method ordering:   Array<T>(0x0000000800928960)
 - default_methods:   Array<T>(0x0000000000000000)
 - local interfaces:  Array<T>(0x00000008005ce810)
 - trans. interfaces: Array<T>(0x00000008005ce810)
 - constants:         constant pool [427] {0x00007f544dc5fd80} for 'jdk/vm/ci/services/Services' cache=0x00007f544dc61f70
 - class loader data:  loader data: 0x00007f54680283f0 of 'bootstrap'
 - source file:       'Services.java'
 - class annotations:       Array<T>(0x0000000000000000)
 - class type annotations:  Array<T>(0x0000000000000000)
 - field annotations:       Array<T>(0x0000000000000000)
 - field type annotations:  Array<T>(0x0000000000000000)
 - inner classes:     Array<T>(0x00007f544dc61f40)
 - nest members:     Array<T>(0x00007f544dc61f60)
 - permitted subclasses:     Array<T>(0x00000008005ce7a0)
 - java mirror:       a 'java/lang/Class'{0x00000000e0148188} = 'jdk/vm/ci/services/Services'
 - vtable length      5  (start addr: 0x0000000800c44d30)
 - itable length      2 (start addr: 0x0000000800c44d58)
 - ---- static fields (3 words):
 - public static final 'IS_BUILDING_NATIVE_IMAGE' 'Z' @128 
 - public static final 'IS_IN_NATIVE_IMAGE' 'Z' @129 
 - private static volatile 'savedProperties' 'Ljava/util/Map;' @112 
 - static final 'JVMCI_ENABLED' 'Z' @130 
 - private static final 'servicesCache' 'Ljava/util/Map;' @116 
 - private static final 'MAX_UNICODE_IN_UTF8_LENGTH' 'I' @120 
 - private static final 'MAX_UTF8_PROPERTY_STRING_LENGTH' 'I' @124 
 - ---- non-static fields (0 words):
 - non-static oop maps: 
stack at sp + 4 slots: 0x00007f544d8fe500 is pointing into the stack for thread: 0x00007f54680b21e0
stack at sp + 5 slots: 0x00007f546df162fe: <offset 0x000000000093e2fe> in /nix/store/gpxl5qgg8kicmcvivwmybwjlpf7wh20l-graalvm17-ce-22.3.0/lib/server/libjvm.so at 0x00007f546d5d8000
stack at sp + 6 slots: 0x00007f544d8fe3e0 is pointing into the stack for thread: 0x00007f54680b21e0
stack at sp + 7 slots: 0x00007f544d8fe440 is pointing into the stack for thread: 0x00007f54680b21e0


---------------  P R O C E S S  ---------------

Threads class SMR info:
_java_thread_list=0x00007f53d8170340, length=25, elements={
0x00007f5468026690, 0x00007f54680a64d0, 0x00007f54680a7910, 0x00007f54680ae050,
0x00007f54680af400, 0x00007f54680b07f0, 0x00007f54680b21e0, 0x00007f54680b36f0,
0x00007f54680b4b40, 0x00007f54680d7920, 0x00007f546811f890, 0x00007f5468313b30,
0x00007f54683476f0, 0x00007f54683495f0, 0x00007f546860ecf0, 0x00007f53fc016e10,
0x00007f53fc329e50, 0x00007f53fc38de20, 0x00007f53fc50a210, 0x00007f53fc6db390,
0x00007f5468399da0, 0x00007f54684cb290, 0x00007f53d4001130, 0x00007f53cc000ff0,
0x00007f53d81713a0
}

Java Threads: ( => current thread )
  0x00007f5468026690 JavaThread "main" [_thread_blocked, id=36, stack(0x00007f546d3f3000,0x00007f546d4f3000)]
  0x00007f54680a64d0 JavaThread "Reference Handler" daemon [_thread_blocked, id=39, stack(0x00007f546c40a000,0x00007f546c50a000)]
  0x00007f54680a7910 JavaThread "Finalizer" daemon [_thread_blocked, id=40, stack(0x00007f546c30a000,0x00007f546c40a000)]
  0x00007f54680ae050 JavaThread "Signal Dispatcher" daemon [_thread_blocked, id=41, stack(0x00007f544db00000,0x00007f544dc00000)]
  0x00007f54680af400 JavaThread "Service Thread" daemon [_thread_blocked, id=42, stack(0x00007f544da00000,0x00007f544db00000)]
  0x00007f54680b07f0 JavaThread "Monitor Deflation Thread" daemon [_thread_blocked, id=43, stack(0x00007f544d900000,0x00007f544da00000)]
=>0x00007f54680b21e0 JavaThread "JVMCI-native CompilerThread0" daemon [_thread_in_vm, id=44, stack(0x00007f544d700000,0x00007f544d900000)]
  0x00007f54680b36f0 JavaThread "C1 CompilerThread0" daemon [_thread_blocked, id=45, stack(0x00007f544d500000,0x00007f544d700000)]
  0x00007f54680b4b40 JavaThread "Sweeper thread" daemon [_thread_blocked, id=46, stack(0x00007f544d400000,0x00007f544d500000)]
  0x00007f54680d7920 JavaThread "Common-Cleaner" daemon [_thread_blocked, id=47, stack(0x00007f544d300000,0x00007f544d400000)]
  0x00007f546811f890 JavaThread "Notification Thread" daemon [_thread_blocked, id=49, stack(0x00007f544d200000,0x00007f544d300000)]
  0x00007f5468313b30 JavaThread "Active Thread: Equinox Container: 41499e9b-fc34-4ee0-8fed-30e27d6a67bf" [_thread_blocked, id=66, stack(0x00007f544ce00000,0x00007f544cf00000)]
  0x00007f54683476f0 JavaThread "Framework Event Dispatcher: Equinox Container: 41499e9b-fc34-4ee0-8fed-30e27d6a67bf" daemon [_thread_blocked, id=67, stack(0x00007f544cc00000,0x00007f544cd00000)]
  0x00007f54683495f0 JavaThread "Start Level: Equinox Container: 41499e9b-fc34-4ee0-8fed-30e27d6a67bf" daemon [_thread_blocked, id=68, stack(0x00007f544ca00000,0x00007f544cb00000)]
  0x00007f546860ecf0 JavaThread "Refresh Thread: Equinox Container: 41499e9b-fc34-4ee0-8fed-30e27d6a67bf" daemon [_thread_blocked, id=69, stack(0x00007f544c800000,0x00007f544c900000)]
  0x00007f53fc016e10 JavaThread "SCR Component Actor" daemon [_thread_blocked, id=76, stack(0x00007f544c600000,0x00007f544c700000)]
  0x00007f53fc329e50 JavaThread "Worker-JM" [_thread_blocked, id=80, stack(0x00007f544c200000,0x00007f544c300000)]
  0x00007f53fc38de20 JavaThread "Worker-0" [_thread_blocked, id=81, stack(0x00007f544c000000,0x00007f544c100000)]
  0x00007f53fc50a210 JavaThread "Java indexing" daemon [_thread_blocked, id=83, stack(0x00007f5414700000,0x00007f5414800000)]
  0x00007f53fc6db390 JavaThread "Bundle File Closer" daemon [_thread_blocked, id=92, stack(0x00007f5414500000,0x00007f5414600000)]
  0x00007f5468399da0 JavaThread "pool-3-thread-1" [_thread_blocked, id=93, stack(0x00007f5414300000,0x00007f5414400000)]
  0x00007f54684cb290 JavaThread "pool-2-thread-1" [_thread_blocked, id=95, stack(0x00007f5414000000,0x00007f5414100000)]
  0x00007f53d4001130 JavaThread "Worker-3: Java indexing... " [_thread_blocked, id=102, stack(0x00007f5413f00000,0x00007f5414000000)]
  0x00007f53cc000ff0 JavaThread "Worker-4" [_thread_blocked, id=103, stack(0x00007f5413d00000,0x00007f5413e00000)]
  0x00007f53d81713a0 JavaThread "Thread-7" [_thread_blocked, id=1876, stack(0x00007f544c400000,0x00007f544c500000)]

Other Threads:
  0x00007f54680a1c10 VMThread "VM Thread" [stack: 0x00007f546c50c000,0x00007f546c60c000] [id=38] _threads_hazard_ptr=0x00007f53d8170340
  0x00007f5468121230 WatcherThread [stack: 0x00007f544d100000,0x00007f544d200000] [id=50]
  0x00007f546803df30 GCTaskThread "GC Thread#0" [stack: 0x00007f546cfb6000,0x00007f546d0b6000] [id=37]

Threads with active compile tasks:
JVMCI-native CompilerThread0   728615 10587       4       java.lang.String::regionMatches (150 bytes)

VM state: synchronizing (normal execution)

VM Mutex/Monitor currently owned by a thread:  ([mutex/lock_event])
[0x00007f5468023840] Threads_lock - owner thread: 0x00007f54680a1c10
[0x00007f5468023ff0] Heap_lock - owner thread: 0x00007f53fc50a210

OutOfMemory and StackOverflow Exception counts:
OutOfMemoryError java_heap_errors=1
LinkageErrors=72

Heap address: 0x00000000e0000000, size: 512 MB, Compressed Oops mode: 32-bit

CDS archive(s) mapped at: [0x0000000800000000-0x0000000800bc8000-0x0000000800bc8000), size 12353536, SharedBaseAddress: 0x0000000800000000, ArchiveRelocationMode: 0.
Compressed class space mapped at: 0x0000000800c00000-0x0000000840c00000, reserved size: 1073741824
Narrow klass base: 0x0000000800000000, Narrow klass shift: 0, Narrow klass range: 0x100000000

GC Precious Log:
 CPUs: 8 total, 1 available
 Memory: 1024M
 Large Page Support: Disabled
 NUMA Support: Disabled
 Compressed Oops: Enabled (32-bit)
 Alignments: Space 512K, Generation 512K, Heap 2M
 Heap Min Capacity: 100M
 Heap Initial Capacity: 100M
 Heap Max Capacity: 512M
 Pre-touch: Disabled
 Parallel Workers: 1

Heap:
 PSYoungGen      total 40960K, used 29696K [0x00000000f5580000, 0x00000000f8980000, 0x0000000100000000)
  eden space 29696K, 100% used [0x00000000f5580000,0x00000000f7280000,0x00000000f7280000)
  from space 11264K, 0% used [0x00000000f7280000,0x00000000f7280000,0x00000000f7d80000)
  to   space 11264K, 0% used [0x00000000f7d80000,0x00000000f7d80000,0x00000000f8880000)
 ParOldGen       total 349696K, used 349695K [0x00000000e0000000, 0x00000000f5580000, 0x00000000f5580000)
  object space 349696K, 99% used [0x00000000e0000000,0x00000000f557fcf0,0x00000000f5580000)
 Metaspace       used 62321K, committed 63552K, reserved 1105920K
  class space    used 6013K, committed 6528K, reserved 1048576K

Card table byte_map: [0x00007f546d0b6000,0x00007f546d1b7000] _byte_map_base: 0x00007f546c9b6000

Marking Bits: (ParMarkBitMap*) 0x00007f546e8064c0
 Begin Bits: [0x00007f544e4b3000, 0x00007f544ecb3000)
 End Bits:   [0x00007f544ecb3000, 0x00007f544f4b3000)

Polling page: 0x00007f546d3d0000

Metaspace:

Usage:
  Non-class:     54.99 MB used.
      Class:      5.87 MB used.
       Both:     60.86 MB used.

Virtual space:
  Non-class space:       56.00 MB reserved,      55.69 MB (>99%) committed,  7 nodes.
      Class space:        1.00 GB reserved,       6.38 MB ( <1%) committed,  1 nodes.
             Both:        1.05 GB reserved,      62.06 MB (  6%) committed. 

Chunk freelists:
   Non-Class:  353.00 KB
       Class:  1.73 MB
        Both:  2.08 MB

MaxMetaspaceSize: unlimited
CompressedClassSpaceSize: 1.00 GB
Initial GC threshold: 21.00 MB
Current GC threshold: 103.38 MB
CDS: on
MetaspaceReclaimPolicy: balanced
 - commit_granule_bytes: 65536.
 - commit_granule_words: 8192.
 - virtual_space_node_default_size: 1048576.
 - enlarge_chunks_in_place: 1.
 - new_chunks_are_fully_committed: 0.
 - uncommit_free_chunks: 1.
 - use_allocation_guard: 0.
 - handle_deallocations: 1.


Internal statistics:

num_allocs_failed_limit: 6.
num_arena_births: 524.
num_arena_deaths: 156.
num_vsnodes_births: 8.
num_vsnodes_deaths: 0.
num_space_committed: 991.
num_space_uncommitted: 0.
num_chunks_returned_to_freelist: 227.
num_chunks_taken_from_freelist: 2941.
num_chunk_merges: 89.
num_chunk_splits: 1918.
num_chunks_enlarged: 1235.
num_purges: 4.
num_inconsistent_stats: 0.

CodeHeap 'non-profiled nmethods': size=120036Kb used=2627Kb max_used=2627Kb free=117409Kb
 bounds [0x00007f5456f7a000, 0x00007f545721a000, 0x00007f545e4b3000]
CodeHeap 'profiled nmethods': size=120032Kb used=18322Kb max_used=18322Kb free=101709Kb
 bounds [0x00007f544fa42000, 0x00007f5450c32000, 0x00007f5456f7a000]
CodeHeap 'non-nmethods': size=5692Kb used=1392Kb max_used=1401Kb free=4299Kb
 bounds [0x00007f544f4b3000, 0x00007f544f723000, 0x00007f544fa42000]
 total_blobs=8907 nmethods=8176 adapters=633
 compilation: enabled
              stopped_count=0, restarted_count=0
 full_count=0

JVMCI Events (20 events):
Event: 608.643 Thread 0x00007f54680b21e0 releasing handles for JVMCI runtime 0: oop handles=43, metadata handles={total=88, live=77, blocks=67}
Event: 608.643 Thread 0x00007f54680b21e0 detached from JVMCI runtime 0
Event: 610.521 Thread 0x00007f54680b21e0 attached to JVMCI runtime 0
Event: 610.522 Thread 0x00007f54680b21e0 created JavaVM[5]@0x00007f541339e340 for JVMCI runtime 0
Event: 611.527 Thread 0x00007f54680b21e0 initializing JVMCI runtime 0
Event: 611.527 Thread 0x00007f54680b21e0 done waiting for JavaVM references initialization in JVMCI runtime 0
Event: 639.402 Thread 0x00007f54680b21e0 initialized JVMCI runtime 0
Event: 662.221 Thread 0x00007f54680b21e0 compacted oop handles in JVMCI runtime 0 from 66 to 56
Event: 691.697 Thread 0x00007f54680b21e0 compacted oop handles in JVMCI runtime 0 from 59 to 57
Event: 692.744 Thread 0x00007f54680b21e0 detaching from JVMCI runtime 0: releasing idle compiler thread (0 other threads still attached)
Event: 692.744 Thread 0x00007f54680b21e0 shutting down HotSpotJVMCIRuntime for JVMCI runtime 0
Event: 692.744 Thread 0x00007f54680b21e0 shut down JVMCI runtime 0
Event: 692.746 Thread 0x00007f54680b21e0 destroyed JavaVM[5]@0x00007f541339e340 for JVMCI runtime 0
Event: 692.746 Thread 0x00007f54680b21e0 compacted oop handles in JVMCI runtime 0 from 57 to 57
Event: 692.746 Thread 0x00007f54680b21e0 releasing handles for JVMCI runtime 0: oop handles=57, metadata handles={total=128, live=120, blocks=67}
Event: 692.746 Thread 0x00007f54680b21e0 detached from JVMCI runtime 0
Event: 704.625 Thread 0x00007f54680b21e0 attached to JVMCI runtime 0
Event: 704.625 Thread 0x00007f54680b21e0 created JavaVM[6]@0x00007f541339e340 for JVMCI runtime 0
Event: 705.541 Thread 0x00007f54680b21e0 initializing JVMCI runtime 0
Event: 705.541 Thread 0x00007f54680b21e0 done waiting for JavaVM references initialization in JVMCI runtime 0

Compilation events (20 events):
Event: 454.313 Thread 0x00007f54680b21e0 nmethod 10575 0x00007f5457207510 code [0x00007f54572076a0, 0x00007f5457207790]
Event: 454.314 Thread 0x00007f54680b21e0 10579       4       org.eclipse.core.internal.preferences.ImmutableMap$ArrayMap::get (54 bytes)
Event: 485.946 Thread 0x00007f54680b21e0 nmethod 10579 0x00007f5457207b90 code [0x00007f5457207d20, 0x00007f5457208360]
Event: 485.946 Thread 0x00007f54680b21e0 10576       4       java.util.regex.Pattern::next (33 bytes)
Event: 485.948 Thread 0x00007f54680b21e0 nmethod 10576 0x00007f5457208690 code [0x00007f5457208800, 0x00007f54572088d0]
Event: 494.741 Thread 0x00007f54680b21e0 10580       4       java.lang.ref.SoftReference::get (29 bytes)
Event: 607.614 Thread 0x00007f54680b21e0 nmethod 10580 0x00007f5457208990 code [0x00007f5457208b00, 0x00007f5457208b70]
Event: 610.521 Thread 0x00007f54680b21e0 10581       4       java.lang.Integer::parseInt (264 bytes)
Event: 629.744 Thread 0x00007f54680b36f0 10583       1       org.eclipse.osgi.internal.framework.EquinoxContainer::getStorage (5 bytes)
Event: 630.644 Thread 0x00007f54680b36f0 nmethod 10583 0x00007f5457208c90 code [0x00007f5457208e20, 0x00007f5457208ef0]
Event: 636.515 Thread 0x00007f54680b36f0 10584       3       java.lang.invoke.VarHandleReferences$FieldInstanceReadWrite::set (35 bytes)
Event: 636.515 Thread 0x00007f54680b36f0 nmethod 10584 0x00007f5450c25690 code [0x00007f5450c258c0, 0x00007f5450c26200]
Event: 662.221 Thread 0x00007f54680b21e0 nmethod 10581 0x00007f5457208f90 code [0x00007f5457209140, 0x00007f5457209500]
Event: 662.221 Thread 0x00007f54680b21e0 10585 %     4       java.net.URI$Parser::scan @ 3 (41 bytes)
Event: 689.748 Thread 0x00007f54680b21e0 nmethod 10585% 0x00007f5457209910 code [0x00007f5457209aa0, 0x00007f545720a0c8]
Event: 689.748 Thread 0x00007f54680b21e0 10582       4       java.lang.Integer::toString (55 bytes)
Event: 691.697 Thread 0x00007f54680b21e0 nmethod 10582 0x00007f545720a390 code [0x00007f545720a520, 0x00007f545720a9d8]
Event: 700.324 Thread 0x00007f54680b36f0 10586       3       java.util.concurrent.locks.AbstractQueuedSynchronizer::acquire (20 bytes)
Event: 701.443 Thread 0x00007f54680b36f0 nmethod 10586 0x00007f5450c26510 code [0x00007f5450c266c0, 0x00007f5450c26a90]
Event: 704.625 Thread 0x00007f54680b21e0 10587       4       java.lang.String::regionMatches (150 bytes)

GC Heap History (20 events):
Event: 718.441 GC heap before
{Heap before GC invocations=675 (full 565):
 PSYoungGen      total 40960K, used 29695K [0x00000000f5580000, 0x00000000f8980000, 0x0000000100000000)
  eden space 29696K, 99% used [0x00000000f5580000,0x00000000f727fff8,0x00000000f7280000)
  from space 11264K, 0% used [0x00000000f7280000,0x00000000f7280000,0x00000000f7d80000)
  to   space 11264K, 0% used [0x00000000f7d80000,0x00000000f7d80000,0x00000000f8880000)
 ParOldGen       total 349696K, used 349686K [0x00000000e0000000, 0x00000000f5580000, 0x00000000f5580000)
  object space 349696K, 99% used [0x00000000e0000000,0x00000000f557da30,0x00000000f5580000)
 Metaspace       used 62321K, committed 63552K, reserved 1105920K
  class space    used 6013K, committed 6528K, reserved 1048576K
}
Event: 719.512 GC heap after
{Heap after GC invocations=675 (full 565):
 PSYoungGen      total 40960K, used 29695K [0x00000000f5580000, 0x00000000f8980000, 0x0000000100000000)
  eden space 29696K, 99% used [0x00000000f5580000,0x00000000f727fff8,0x00000000f7280000)
  from space 11264K, 0% used [0x00000000f7d80000,0x00000000f7d80000,0x00000000f8880000)
  to   space 11264K, 0% used [0x00000000f7280000,0x00000000f7280000,0x00000000f7d80000)
 ParOldGen       total 349696K, used 349686K [0x00000000e0000000, 0x00000000f5580000, 0x00000000f5580000)
  object space 349696K, 99% used [0x00000000e0000000,0x00000000f557da30,0x00000000f5580000)
 Metaspace       used 62321K, committed 63552K, reserved 1105920K
  class space    used 6013K, committed 6528K, reserved 1048576K
}
Event: 719.513 GC heap before
{Heap before GC invocations=676 (full 566):
 PSYoungGen      total 40960K, used 29695K [0x00000000f5580000, 0x00000000f8980000, 0x0000000100000000)
  eden space 29696K, 99% used [0x00000000f5580000,0x00000000f727fff8,0x00000000f7280000)
  from space 11264K, 0% used [0x00000000f7d80000,0x00000000f7d80000,0x00000000f8880000)
  to   space 11264K, 0% used [0x00000000f7280000,0x00000000f7280000,0x00000000f7d80000)
 ParOldGen       total 349696K, used 349688K [0x00000000e0000000, 0x00000000f5580000, 0x00000000f5580000)
  object space 349696K, 99% used [0x00000000e0000000,0x00000000f557e1f0,0x00000000f5580000)
 Metaspace       used 62321K, committed 63552K, reserved 1105920K
  class space    used 6013K, committed 6528K, reserved 1048576K
}
Event: 720.526 GC heap after
{Heap after GC invocations=676 (full 566):
 PSYoungGen      total 40960K, used 29695K [0x00000000f5580000, 0x00000000f8980000, 0x0000000100000000)
  eden space 29696K, 99% used [0x00000000f5580000,0x00000000f727ffa8,0x00000000f7280000)
  from space 11264K, 0% used [0x00000000f7280000,0x00000000f7280000,0x00000000f7d80000)
  to   space 11264K, 0% used [0x00000000f7d80000,0x00000000f7d80000,0x00000000f8880000)
 ParOldGen       total 349696K, used 349687K [0x00000000e0000000, 0x00000000f5580000, 0x00000000f5580000)
  object space 349696K, 99% used [0x00000000e0000000,0x00000000f557dfa8,0x00000000f5580000)
 Metaspace       used 62321K, committed 63552K, reserved 1105920K
  class space    used 6013K, committed 6528K, reserved 1048576K
}
Event: 720.526 GC heap before
{Heap before GC invocations=677 (full 567):
 PSYoungGen      total 40960K, used 29696K [0x00000000f5580000, 0x00000000f8980000, 0x0000000100000000)
  eden space 29696K, 100% used [0x00000000f5580000,0x00000000f7280000,0x00000000f7280000)
  from space 11264K, 0% used [0x00000000f7280000,0x00000000f7280000,0x00000000f7d80000)
  to   space 11264K, 0% used [0x00000000f7d80000,0x00000000f7d80000,0x00000000f8880000)
 ParOldGen       total 349696K, used 349687K [0x00000000e0000000, 0x00000000f5580000, 0x00000000f5580000)
  object space 349696K, 99% used [0x00000000e0000000,0x00000000f557dfa8,0x00000000f5580000)
 Metaspace       used 62321K, committed 63552K, reserved 1105920K
  class space    used 6013K, committed 6528K, reserved 1048576K
}
Event: 721.598 GC heap after
{Heap after GC invocations=677 (full 567):
 PSYoungGen      total 40960K, used 29696K [0x00000000f5580000, 0x00000000f8980000, 0x0000000100000000)
  eden space 29696K, 100% used [0x00000000f5580000,0x00000000f7280000,0x00000000f7280000)
  from space 11264K, 0% used [0x00000000f7d80000,0x00000000f7d80000,0x00000000f8880000)
  to   space 11264K, 0% used [0x00000000f7280000,0x00000000f7280000,0x00000000f7d80000)
 ParOldGen       total 349696K, used 349687K [0x00000000e0000000, 0x00000000f5580000, 0x00000000f5580000)
  object space 349696K, 99% used [0x00000000e0000000,0x00000000f557df98,0x00000000f5580000)
 Metaspace       used 62321K, committed 63552K, reserved 1105920K
  class space    used 6013K, committed 6528K, reserved 1048576K
}
Event: 721.600 GC heap before
{Heap before GC invocations=678 (full 568):
 PSYoungGen      total 40960K, used 29696K [0x00000000f5580000, 0x00000000f8980000, 0x0000000100000000)
  eden space 29696K, 100% used [0x00000000f5580000,0x00000000f7280000,0x00000000f7280000)
  from space 11264K, 0% used [0x00000000f7d80000,0x00000000f7d80000,0x00000000f8880000)
  to   space 11264K, 0% used [0x00000000f7280000,0x00000000f7280000,0x00000000f7d80000)
 ParOldGen       total 349696K, used 349691K [0x00000000e0000000, 0x00000000f5580000, 0x00000000f5580000)
  object space 349696K, 99% used [0x00000000e0000000,0x00000000f557ecb0,0x00000000f5580000)
 Metaspace       used 62321K, committed 63552K, reserved 1105920K
  class space    used 6013K, committed 6528K, reserved 1048576K
}
Event: 722.622 GC heap after
{Heap after GC invocations=678 (full 568):
 PSYoungGen      total 40960K, used 29695K [0x00000000f5580000, 0x00000000f8980000, 0x0000000100000000)
  eden space 29696K, 99% used [0x00000000f5580000,0x00000000f727fe18,0x00000000f7280000)
  from space 11264K, 0% used [0x00000000f7280000,0x00000000f7280000,0x00000000f7d80000)
  to   space 11264K, 0% used [0x00000000f7d80000,0x00000000f7d80000,0x00000000f8880000)
 ParOldGen       total 349696K, used 349690K [0x00000000e0000000, 0x00000000f5580000, 0x00000000f5580000)
  object space 349696K, 99% used [0x00000000e0000000,0x00000000f557eb40,0x00000000f5580000)
 Metaspace       used 62321K, committed 63552K, reserved 1105920K
  class space    used 6013K, committed 6528K, reserved 1048576K
}
Event: 722.622 GC heap before
{Heap before GC invocations=679 (full 569):
 PSYoungGen      total 40960K, used 29696K [0x00000000f5580000, 0x00000000f8980000, 0x0000000100000000)
  eden space 29696K, 100% used [0x00000000f5580000,0x00000000f7280000,0x00000000f7280000)
  from space 11264K, 0% used [0x00000000f7280000,0x00000000f7280000,0x00000000f7d80000)
  to   space 11264K, 0% used [0x00000000f7d80000,0x00000000f7d80000,0x00000000f8880000)
 ParOldGen       total 349696K, used 349690K [0x00000000e0000000, 0x00000000f5580000, 0x00000000f5580000)
  object space 349696K, 99% used [0x00000000e0000000,0x00000000f557eb40,0x00000000f5580000)
 Metaspace       used 62321K, committed 63552K, reserved 1105920K
  class space    used 6013K, committed 6528K, reserved 1048576K
}
Event: 723.646 GC heap after
{Heap after GC invocations=679 (full 569):
 PSYoungGen      total 40960K, used 29695K [0x00000000f5580000, 0x00000000f8980000, 0x0000000100000000)
  eden space 29696K, 99% used [0x00000000f5580000,0x00000000f727ff68,0x00000000f7280000)
  from space 11264K, 0% used [0x00000000f7d80000,0x00000000f7d80000,0x00000000f8880000)
  to   space 11264K, 0% used [0x00000000f7280000,0x00000000f7280000,0x00000000f7d80000)
 ParOldGen       total 349696K, used 349690K [0x00000000e0000000, 0x00000000f5580000, 0x00000000f5580000)
  object space 349696K, 99% used [0x00000000e0000000,0x00000000f557eb10,0x00000000f5580000)
 Metaspace       used 62321K, committed 63552K, reserved 1105920K
  class space    used 6013K, committed 6528K, reserved 1048576K
}
Event: 723.647 GC heap before
{Heap before GC invocations=680 (full 570):
 PSYoungGen      total 40960K, used 29695K [0x00000000f5580000, 0x00000000f8980000, 0x0000000100000000)
  eden space 29696K, 99% used [0x00000000f5580000,0x00000000f727fff8,0x00000000f7280000)
  from space 11264K, 0% used [0x00000000f7d80000,0x00000000f7d80000,0x00000000f8880000)
  to   space 11264K, 0% used [0x00000000f7280000,0x00000000f7280000,0x00000000f7d80000)
 ParOldGen       total 349696K, used 349690K [0x00000000e0000000, 0x00000000f5580000, 0x00000000f5580000)
  object space 349696K, 99% used [0x00000000e0000000,0x00000000f557eb10,0x00000000f5580000)
 Metaspace       used 62321K, committed 63552K, reserved 1105920K
  class space    used 6013K, committed 6528K, reserved 1048576K
}
Event: 724.614 GC heap after
{Heap after GC invocations=680 (full 570):
 PSYoungGen      total 40960K, used 29695K [0x00000000f5580000, 0x00000000f8980000, 0x0000000100000000)
  eden space 29696K, 99% used [0x00000000f5580000,0x00000000f727ffc8,0x00000000f7280000)
  from space 11264K, 0% used [0x00000000f7280000,0x00000000f7280000,0x00000000f7d80000)
  to   space 11264K, 0% used [0x00000000f7d80000,0x00000000f7d80000,0x00000000f8880000)
 ParOldGen       total 349696K, used 349690K [0x00000000e0000000, 0x00000000f5580000, 0x00000000f5580000)
  object space 349696K, 99% used [0x00000000e0000000,0x00000000f557eb10,0x00000000f5580000)
 Metaspace       used 62321K, committed 63552K, reserved 1105920K
  class space    used 6013K, committed 6528K, reserved 1048576K
}
Event: 724.614 GC heap before
{Heap before GC invocations=681 (full 571):
 PSYoungGen      total 40960K, used 29696K [0x00000000f5580000, 0x00000000f8980000, 0x0000000100000000)
  eden space 29696K, 100% used [0x00000000f5580000,0x00000000f7280000,0x00000000f7280000)
  from space 11264K, 0% used [0x00000000f7280000,0x00000000f7280000,0x00000000f7d80000)
  to   space 11264K, 0% used [0x00000000f7d80000,0x00000000f7d80000,0x00000000f8880000)
 ParOldGen       total 349696K, used 349690K [0x00000000e0000000, 0x00000000f5580000, 0x00000000f5580000)
  object space 349696K, 99% used [0x00000000e0000000,0x00000000f557eb10,0x00000000f5580000)
 Metaspace       used 62321K, committed 63552K, reserved 1105920K
  class space    used 6013K, committed 6528K, reserved 1048576K
}
Event: 725.603 GC heap after
{Heap after GC invocations=681 (full 571):
 PSYoungGen      total 40960K, used 29696K [0x00000000f5580000, 0x00000000f8980000, 0x0000000100000000)
  eden space 29696K, 100% used [0x00000000f5580000,0x00000000f7280000,0x00000000f7280000)
  from space 11264K, 0% used [0x00000000f7d80000,0x00000000f7d80000,0x00000000f8880000)
  to   space 11264K, 0% used [0x00000000f7280000,0x00000000f7280000,0x00000000f7d80000)
 ParOldGen       total 349696K, used 349690K [0x00000000e0000000, 0x00000000f5580000, 0x00000000f5580000)
  object space 349696K, 99% used [0x00000000e0000000,0x00000000f557eb10,0x00000000f5580000)
 Metaspace       used 62321K, committed 63552K, reserved 1105920K
  class space    used 6013K, committed 6528K, reserved 1048576K
}
Event: 725.604 GC heap before
{Heap before GC invocations=682 (full 572):
 PSYoungGen      total 40960K, used 29696K [0x00000000f5580000, 0x00000000f8980000, 0x0000000100000000)
  eden space 29696K, 100% used [0x00000000f5580000,0x00000000f7280000,0x00000000f7280000)
  from space 11264K, 0% used [0x00000000f7d80000,0x00000000f7d80000,0x00000000f8880000)
  to   space 11264K, 0% used [0x00000000f7280000,0x00000000f7280000,0x00000000f7d80000)
 ParOldGen       total 349696K, used 349694K [0x00000000e0000000, 0x00000000f5580000, 0x00000000f5580000)
  object space 349696K, 99% used [0x00000000e0000000,0x00000000f557f890,0x00000000f5580000)
 Metaspace       used 62321K, committed 63552K, reserved 1105920K
  class space    used 6013K, committed 6528K, reserved 1048576K
}
Event: 726.539 GC heap after
{Heap after GC invocations=682 (full 572):
 PSYoungGen      total 40960K, used 29696K [0x00000000f5580000, 0x00000000f8980000, 0x0000000100000000)
  eden space 29696K, 100% used [0x00000000f5580000,0x00000000f7280000,0x00000000f7280000)
  from space 11264K, 0% used [0x00000000f7280000,0x00000000f7280000,0x00000000f7d80000)
  to   space 11264K, 0% used [0x00000000f7d80000,0x00000000f7d80000,0x00000000f8880000)
 ParOldGen       total 349696K, used 349694K [0x00000000e0000000, 0x00000000f5580000, 0x00000000f5580000)
  object space 349696K, 99% used [0x00000000e0000000,0x00000000f557f878,0x00000000f5580000)
 Metaspace       used 62321K, committed 63552K, reserved 1105920K
  class space    used 6013K, committed 6528K, reserved 1048576K
}
Event: 726.539 GC heap before
{Heap before GC invocations=683 (full 573):
 PSYoungGen      total 40960K, used 29696K [0x00000000f5580000, 0x00000000f8980000, 0x0000000100000000)
  eden space 29696K, 100% used [0x00000000f5580000,0x00000000f7280000,0x00000000f7280000)
  from space 11264K, 0% used [0x00000000f7280000,0x00000000f7280000,0x00000000f7d80000)
  to   space 11264K, 0% used [0x00000000f7d80000,0x00000000f7d80000,0x00000000f8880000)
 ParOldGen       total 349696K, used 349694K [0x00000000e0000000, 0x00000000f5580000, 0x00000000f5580000)
  object space 349696K, 99% used [0x00000000e0000000,0x00000000f557fbf8,0x00000000f5580000)
 Metaspace       used 62321K, committed 63552K, reserved 1105920K
  class space    used 6013K, committed 6528K, reserved 1048576K
}
Event: 727.441 GC heap after
{Heap after GC invocations=683 (full 573):
 PSYoungGen      total 40960K, used 29696K [0x00000000f5580000, 0x00000000f8980000, 0x0000000100000000)
  eden space 29696K, 100% used [0x00000000f5580000,0x00000000f7280000,0x00000000f7280000)
  from space 11264K, 0% used [0x00000000f7d80000,0x00000000f7d80000,0x00000000f8880000)
  to   space 11264K, 0% used [0x00000000f7280000,0x00000000f7280000,0x00000000f7d80000)
 ParOldGen       total 349696K, used 349694K [0x00000000e0000000, 0x00000000f5580000, 0x00000000f5580000)
  object space 349696K, 99% used [0x00000000e0000000,0x00000000f557f840,0x00000000f5580000)
 Metaspace       used 62321K, committed 63552K, reserved 1105920K
  class space    used 6013K, committed 6528K, reserved 1048576K
}
Event: 727.441 GC heap before
{Heap before GC invocations=684 (full 574):
 PSYoungGen      total 40960K, used 29696K [0x00000000f5580000, 0x00000000f8980000, 0x0000000100000000)
  eden space 29696K, 100% used [0x00000000f5580000,0x00000000f7280000,0x00000000f7280000)
  from space 11264K, 0% used [0x00000000f7d80000,0x00000000f7d80000,0x00000000f8880000)
  to   space 11264K, 0% used [0x00000000f7280000,0x00000000f7280000,0x00000000f7d80000)
 ParOldGen       total 349696K, used 349694K [0x00000000e0000000, 0x00000000f5580000, 0x00000000f5580000)
  object space 349696K, 99% used [0x00000000e0000000,0x00000000f557f840,0x00000000f5580000)
 Metaspace       used 62321K, committed 63552K, reserved 1105920K
  class space    used 6013K, committed 6528K, reserved 1048576K
}
Event: 728.524 GC heap after
{Heap after GC invocations=684 (full 574):
 PSYoungGen      total 40960K, used 29695K [0x00000000f5580000, 0x00000000f8980000, 0x0000000100000000)
  eden space 29696K, 99% used [0x00000000f5580000,0x00000000f727fe40,0x00000000f7280000)
  from space 11264K, 0% used [0x00000000f7280000,0x00000000f7280000,0x00000000f7d80000)
  to   space 11264K, 0% used [0x00000000f7d80000,0x00000000f7d80000,0x00000000f8880000)
 ParOldGen       total 349696K, used 349693K [0x00000000e0000000, 0x00000000f5580000, 0x00000000f5580000)
  object space 349696K, 99% used [0x00000000e0000000,0x00000000f557f760,0x00000000f5580000)
 Metaspace       used 62321K, committed 63552K, reserved 1105920K
  class space    used 6013K, committed 6528K, reserved 1048576K
}

Dll operation events (9 events):
Event: 0.003 Loaded shared library /nix/store/gpxl5qgg8kicmcvivwmybwjlpf7wh20l-graalvm17-ce-22.3.0/lib/libjava.so
Event: 0.011 Loaded shared library /nix/store/gpxl5qgg8kicmcvivwmybwjlpf7wh20l-graalvm17-ce-22.3.0/lib/libjsvml.so
Event: 0.316 Loaded shared library /nix/store/gpxl5qgg8kicmcvivwmybwjlpf7wh20l-graalvm17-ce-22.3.0/lib/libnio.so
Event: 0.318 Loaded shared library /nix/store/gpxl5qgg8kicmcvivwmybwjlpf7wh20l-graalvm17-ce-22.3.0/lib/libzip.so
Event: 0.323 Loaded shared library /nix/store/gpxl5qgg8kicmcvivwmybwjlpf7wh20l-graalvm17-ce-22.3.0/lib/libjvmcicompiler.so
Event: 0.806 Loaded shared library /nix/store/gpxl5qgg8kicmcvivwmybwjlpf7wh20l-graalvm17-ce-22.3.0/lib/libjimage.so
Event: 1.500 Loaded shared library /nix/store/gpxl5qgg8kicmcvivwmybwjlpf7wh20l-graalvm17-ce-22.3.0/lib/libnet.so
Event: 4.198 Loaded shared library /home/runner/.cache/jdt-language-server/config/org.eclipse.equinox.launcher/org.eclipse.equinox.launcher.gtk.linux.x86_64_1.2.400.v20211117-0650/eclipse_11600.so
Event: 11.799 Loaded shared library /nix/store/gpxl5qgg8kicmcvivwmybwjlpf7wh20l-graalvm17-ce-22.3.0/lib/libextnet.so

Deoptimization events (20 events):
Event: 63.029 Thread 0x00007f53fc50a210 DEOPT PACKING pc=0x00007f5450c1ee85 sp=0x00007f54147fe530
Event: 63.029 Thread 0x00007f53fc50a210 DEOPT UNPACKING pc=0x00007f544f505325 sp=0x00007f54147fda20 mode 0
Event: 63.032 Thread 0x00007f53fc50a210 DEOPT PACKING pc=0x00007f5450c1ee85 sp=0x00007f54147fe530
Event: 63.032 Thread 0x00007f53fc50a210 DEOPT UNPACKING pc=0x00007f544f505325 sp=0x00007f54147fda20 mode 0
Event: 63.036 Thread 0x00007f53fc50a210 DEOPT PACKING pc=0x00007f5450c1ee14 sp=0x00007f54147fe530
Event: 63.036 Thread 0x00007f53fc50a210 DEOPT UNPACKING pc=0x00007f544f505325 sp=0x00007f54147fda20 mode 0
Event: 63.038 Thread 0x00007f53fc50a210 DEOPT PACKING pc=0x00007f5450c1ee85 sp=0x00007f54147fe530
Event: 63.038 Thread 0x00007f53fc50a210 DEOPT UNPACKING pc=0x00007f544f505325 sp=0x00007f54147fda20 mode 0
Event: 63.039 Thread 0x00007f53fc50a210 DEOPT PACKING pc=0x00007f5450c1ee85 sp=0x00007f54147fe530
Event: 63.039 Thread 0x00007f53fc50a210 DEOPT UNPACKING pc=0x00007f544f505325 sp=0x00007f54147fda20 mode 0
Event: 63.044 Thread 0x00007f53fc50a210 DEOPT PACKING pc=0x00007f5450c1ee85 sp=0x00007f54147fe530
Event: 63.044 Thread 0x00007f53fc50a210 DEOPT UNPACKING pc=0x00007f544f505325 sp=0x00007f54147fda20 mode 0
Event: 63.045 Thread 0x00007f53fc50a210 DEOPT PACKING pc=0x00007f5450c1ee85 sp=0x00007f54147fe530
Event: 63.045 Thread 0x00007f53fc50a210 DEOPT UNPACKING pc=0x00007f544f505325 sp=0x00007f54147fda20 mode 0
Event: 63.047 Thread 0x00007f53fc50a210 DEOPT PACKING pc=0x00007f5450c1ee85 sp=0x00007f54147fe530
Event: 63.047 Thread 0x00007f53fc50a210 DEOPT UNPACKING pc=0x00007f544f505325 sp=0x00007f54147fda20 mode 0
Event: 63.048 Thread 0x00007f53fc50a210 DEOPT PACKING pc=0x00007f5450c1ee85 sp=0x00007f54147fe530
Event: 63.048 Thread 0x00007f53fc50a210 DEOPT UNPACKING pc=0x00007f544f505325 sp=0x00007f54147fda20 mode 0
Event: 63.050 Thread 0x00007f53fc50a210 DEOPT PACKING pc=0x00007f5450c1ee85 sp=0x00007f54147fe530
Event: 63.050 Thread 0x00007f53fc50a210 DEOPT UNPACKING pc=0x00007f544f505325 sp=0x00007f54147fda20 mode 0

Classes unloaded (20 events):
Event: 69.399 Thread 0x00007f54680a1c10 Unloading class 0x0000000800ee8000 'jdk/internal/reflect/GeneratedConstructorAccessor8'
Event: 69.400 Thread 0x00007f54680a1c10 Unloading class 0x0000000800d99000 'java/lang/invoke/LambdaForm$MH+0x0000000800d99000'
Event: 69.400 Thread 0x00007f54680a1c10 Unloading class 0x0000000800d98c00 'java/lang/invoke/LambdaForm$MH+0x0000000800d98c00'
Event: 69.400 Thread 0x00007f54680a1c10 Unloading class 0x0000000800d98800 'java/lang/invoke/LambdaForm$MH+0x0000000800d98800'
Event: 69.400 Thread 0x00007f54680a1c10 Unloading class 0x0000000800d98400 'java/lang/invoke/LambdaForm$MH+0x0000000800d98400'
Event: 69.400 Thread 0x00007f54680a1c10 Unloading class 0x0000000800d98000 'jdk/internal/reflect/GeneratedConstructorAccessor3'
Event: 69.400 Thread 0x00007f54680a1c10 Unloading class 0x0000000800d06c00 'java/lang/invoke/LambdaForm$MH+0x0000000800d06c00'
Event: 69.400 Thread 0x00007f54680a1c10 Unloading class 0x0000000800d06400 'java/lang/invoke/LambdaForm$MH+0x0000000800d06400'
Event: 69.400 Thread 0x00007f54680a1c10 Unloading class 0x0000000800d06000 'java/lang/invoke/LambdaForm$MH+0x0000000800d06000'
Event: 69.400 Thread 0x00007f54680a1c10 Unloading class 0x0000000800d05c00 'java/lang/invoke/LambdaForm$MH+0x0000000800d05c00'
Event: 69.400 Thread 0x00007f54680a1c10 Unloading class 0x0000000800d05400 'java/lang/invoke/LambdaForm$MH+0x0000000800d05400'
Event: 69.400 Thread 0x00007f54680a1c10 Unloading class 0x0000000800d05000 'java/lang/invoke/LambdaForm$MH+0x0000000800d05000'
Event: 69.400 Thread 0x00007f54680a1c10 Unloading class 0x0000000800d04c00 'java/lang/invoke/LambdaForm$MH+0x0000000800d04c00'
Event: 69.400 Thread 0x00007f54680a1c10 Unloading class 0x0000000800d04000 'java/lang/invoke/LambdaForm$MH+0x0000000800d04000'
Event: 69.400 Thread 0x00007f54680a1c10 Unloading class 0x0000000800c1d000 'jdk/internal/reflect/GeneratedMethodAccessor5'
Event: 69.400 Thread 0x00007f54680a1c10 Unloading class 0x0000000800c1cc00 'jdk/internal/reflect/GeneratedMethodAccessor4'
Event: 69.400 Thread 0x00007f54680a1c10 Unloading class 0x0000000800c1c800 'jdk/internal/reflect/GeneratedMethodAccessor3'
Event: 69.400 Thread 0x00007f54680a1c10 Unloading class 0x0000000800c1c400 'jdk/internal/reflect/GeneratedMethodAccessor2'
Event: 69.400 Thread 0x00007f54680a1c10 Unloading class 0x0000000800c1c000 'jdk/internal/reflect/GeneratedMethodAccessor1'
Event: 69.400 Thread 0x00007f54680a1c10 Unloading class 0x0000000800c01c00 'java/lang/invoke/LambdaForm$DMH+0x0000000800c01c00'

Classes redefined (0 events):
No events

Internal exceptions (20 events):
Event: 32.302 Thread 0x00007f53f00010d0 Exception <a 'java/lang/NoSuchMethodError'{0x00000000f5bb0a90}: static [J.<clinit>()V> (0x00000000f5bb0a90) 
thrown [src/hotspot/share/prims/jni.cpp, line 1107]
Event: 35.708 Thread 0x00007f53f8003280 Exception <a 'java/lang/NoSuchMethodError'{0x00000000f55817d0}: 'java.lang.Object java.lang.invoke.DirectMethodHandle$Holder.invokeStatic(java.lang.Object, java.lang.Object, java.lang.Object, long)'> (0x00000000f55817d0) 
thrown [src/hotspot/share/interpreter/linkResolver.cpp, line 758]
Event: 35.710 Thread 0x00007f53f8003280 Exception <a 'java/lang/NoSuchMethodError'{0x00000000f5588ec8}: 'java.lang.Object java.lang.invoke.DirectMethodHandle$Holder.newInvokeSpecial(java.lang.Object, java.lang.Object, java.lang.Object, long)'> (0x00000000f5588ec8) 
thrown [src/hotspot/share/interpreter/linkResolver.cpp, line 758]
Event: 35.710 Thread 0x00007f53f8003280 Exception <a 'java/lang/NoSuchMethodError'{0x00000000f558cfe0}: 'java.lang.Object java.lang.invoke.DirectMethodHandle$Holder.invokeSpecial(java.lang.Object, java.lang.Object, java.lang.Object, java.lang.Object, long)'> (0x00000000f558cfe0) 
thrown [src/hotspot/share/interpreter/linkResolver.cpp, line 758]
Event: 35.711 Thread 0x00007f53f8003280 Exception <a 'java/lang/NoSuchMethodError'{0x00000000f5590908}: 'java.lang.Object java.lang.invoke.Invokers$Holder.linkToTargetMethod(java.lang.Object, java.lang.Object, long, java.lang.Object)'> (0x00000000f5590908) 
thrown [src/hotspot/share/interpreter/linkResolver.cpp, line 758]
Event: 36.310 Thread 0x00007f53cc000ff0 Exception <a 'java/io/FileNotFoundException'{0x00000000f6668c48}> (0x00000000f6668c48) 
thrown [src/hotspot/share/prims/jni.cpp, line 516]
Event: 36.510 Thread 0x00007f53d41214a0 Exception <a 'java/lang/NoSuchMethodError'{0x00000000f55c8210}: 'java.lang.Object java.lang.invoke.DirectMethodHandle$Holder.newInvokeSpecial(java.lang.Object, java.lang.Object, int, java.lang.Object, java.lang.Object)'> (0x00000000f55c8210) 
thrown [src/hotspot/share/interpreter/linkResolver.cpp, line 758]
Event: 36.511 Thread 0x00007f53d41214a0 Exception <a 'java/lang/NoSuchMethodError'{0x00000000f55f8a88}: 'java.lang.Object java.lang.invoke.DirectMethodHandle$Holder.invokeSpecial(java.lang.Object, java.lang.Object, java.lang.Object, int, java.lang.Object, java.lang.Object)'> (0x00000000f55f8a88) 
thrown [src/hotspot/share/interpreter/linkResolver.cpp, line 758]
Event: 36.704 Thread 0x00007f53d41214a0 Exception <a 'java/lang/NoSuchMethodError'{0x00000000f5dceb60}: 'java.lang.Object java.lang.invoke.DirectMethodHandle$Holder.newInvokeSpecial(java.lang.Object, java.lang.Object, java.lang.Object, int, java.lang.Object)'> (0x00000000f5dceb60) 
thrown [src/hotspot/share/interpreter/linkResolver.cpp, line 758]
Event: 36.705 Thread 0x00007f53d41214a0 Exception <a 'java/lang/NoSuchMethodError'{0x00000000f5e03fb0}: 'java.lang.Object java.lang.invoke.DirectMethodHandle$Holder.invokeSpecial(java.lang.Object, java.lang.Object, java.lang.Object, java.lang.Object, int, java.lang.Object)'> (0x00000000f5e03fb0) 
thrown [src/hotspot/share/interpreter/linkResolver.cpp, line 758]
Event: 36.706 Thread 0x00007f53d41214a0 Exception <a 'java/lang/NoSuchMethodError'{0x00000000f5e8d5e0}: 'java.lang.Object java.lang.invoke.Invokers$Holder.linkToTargetMethod(java.lang.Object, java.lang.Object, int, java.lang.Object, java.lang.Object)'> (0x00000000f5e8d5e0) 
thrown [src/hotspot/share/interpreter/linkResolver.cpp, line 758]
Event: 37.105 Thread 0x00007f53fc50a210 Implicit null exception at 0x00007f545715d782 to 0x00007f5457161e8a
Event: 38.196 Thread 0x00007f53d41214a0 Implicit null exception at 0x00007f54570d28e9 to 0x00007f54570d2a9b
Event: 52.813 Thread 0x00007f53d816f450 Exception <a 'java/lang/NoSuchMethodError'{0x00000000f744d1e0}: 'java.lang.Object java.lang.invoke.DirectMethodHandle$Holder.newInvokeSpecial(java.lang.Object, java.lang.Object, int, java.lang.Object, java.lang.Object, java.lang.Object, java.lang.Object)'> (0x00000000f744d1e0) 
thrown [src/hotspot/share/interpreter/linkResolver.cpp, line 758]
Event: 53.206 Thread 0x00007f53d8170390 Exception <a 'java/lang/NoSuchMethodError'{0x00000000f5ed9e40}: 'void java.lang.invoke.DirectMethodHandle$Holder.invokeSpecial(java.lang.Object, java.lang.Object, int)'> (0x00000000f5ed9e40) 
thrown [src/hotspot/share/interpreter/linkResolver.cpp, line 758]
Event: 53.210 Thread 0x00007f53d816f450 Exception <a 'java/lang/NoSuchMethodError'{0x00000000f5f9da30}: 'void java.lang.invoke.DirectMethodHandle$Holder.invokeSpecial(java.lang.Object, java.lang.Object, int)'> (0x00000000f5f9da30) 
thrown [src/hotspot/share/interpreter/linkResolver.cpp, line 758]
Event: 54.820 Thread 0x00007f53d816f450 Exception <a 'java/lang/NoSuchMethodError'{0x00000000f5b7c0f0}: 'java.lang.Object java.lang.invoke.DirectMethodHandle$Holder.invokeStatic(java.lang.Object, int, java.lang.Object, java.lang.Object, java.lang.Object, java.lang.Object)'> (0x00000000f5b7c0f0) 
thrown [src/hotspot/share/interpreter/linkResolver.cpp, line 758]
Event: 54.898 Thread 0x00007f53d816f450 Exception <a 'java/lang/NoSuchMethodError'{0x00000000f5f14c60}: 'java.lang.Object java.lang.invoke.DirectMethodHandle$Holder.newInvokeSpecial(java.lang.Object, int, java.lang.Object, java.lang.Object, java.lang.Object)'> (0x00000000f5f14c60) 
thrown [src/hotspot/share/interpreter/linkResolver.cpp, line 758]
Event: 55.899 Thread 0x00007f53d81713c0 Exception <a 'java/lang/NoSuchMethodError'{0x00000000f56c6ab8}: 'int java.lang.invoke.DirectMethodHandle$Holder.invokeSpecialIFC(java.lang.Object, java.lang.Object, java.lang.Object, java.lang.Object)'> (0x00000000f56c6ab8) 
thrown [src/hotspot/share/interpreter/linkResolver.cpp, line 758]
Event: 728.524 Thread 0x00007f54680b21e0 Exception <a 'java/lang/OutOfMemoryError'{0x00000000e0003bf0}> (0x00000000e0003bf0) 
thrown [src/hotspot/share/gc/shared/memAllocator.cpp, line 136]

VM Operations (20 events):
Event: 717.596 Executing VM operation: ParallelGCFailedAllocation
Event: 718.440 Executing VM operation: ParallelGCFailedAllocation done
Event: 718.440 Executing VM operation: ParallelGCFailedAllocation
Event: 719.512 Executing VM operation: ParallelGCFailedAllocation done
Event: 719.513 Executing VM operation: ParallelGCFailedAllocation
Event: 720.526 Executing VM operation: ParallelGCFailedAllocation done
Event: 720.526 Executing VM operation: ParallelGCFailedAllocation
Event: 721.598 Executing VM operation: ParallelGCFailedAllocation done
Event: 721.599 Executing VM operation: ParallelGCFailedAllocation
Event: 722.622 Executing VM operation: ParallelGCFailedAllocation done
Event: 722.622 Executing VM operation: ParallelGCFailedAllocation
Event: 723.646 Executing VM operation: ParallelGCFailedAllocation done
Event: 723.647 Executing VM operation: ParallelGCFailedAllocation
Event: 724.614 Executing VM operation: ParallelGCFailedAllocation done
Event: 724.614 Executing VM operation: ParallelGCFailedAllocation
Event: 725.603 Executing VM operation: ParallelGCFailedAllocation done
Event: 725.604 Executing VM operation: ParallelGCFailedAllocation
Event: 726.539 Executing VM operation: ParallelGCFailedAllocation done
Event: 726.539 Executing VM operation: ParallelGCFailedAllocation
Event: 728.524 Executing VM operation: ParallelGCFailedAllocation done

Events (20 events):
Event: 61.614 Thread 0x00007f5468207450 Thread exited: 0x00007f5468207450
Event: 88.806 Thread 0x00007f53b8003020 Thread exited: 0x00007f53b8003020
Event: 90.099 Thread 0x00007f53d0450b40 Thread exited: 0x00007f53d0450b40
Event: 124.704 Thread 0x00007f53d811f9c0 Thread exited: 0x00007f53d811f9c0
Event: 124.704 Thread 0x00007f53f00010d0 Thread exited: 0x00007f53f00010d0
Event: 124.704 Thread 0x00007f53f8003280 Thread exited: 0x00007f53f8003280
Event: 124.704 Thread 0x00007f53f0007280 Thread exited: 0x00007f53f0007280
Event: 124.704 Thread 0x00007f53d41214a0 Thread exited: 0x00007f53d41214a0
Event: 330.037 Thread 0x00007f53d81713a0 Thread added: 0x00007f53d81713a0
Event: 330.037 Protecting memory [0x00007f544c400000,0x00007f544c404000] with protection modes 0
Event: 369.928 Thread 0x00007f53d044a7a0 Thread exited: 0x00007f53d044a7a0
Event: 369.928 Thread 0x00007f53b8001dd0 Thread exited: 0x00007f53b8001dd0
Event: 386.563 loading class java/util/concurrent/CancellationException
Event: 410.417 loading class java/util/concurrent/CancellationException done
Event: 419.148 loading class java/util/concurrent/CompletionException
Event: 419.148 loading class java/util/concurrent/CompletionException done
Event: 430.434 Thread 0x00007f53d044b740 Thread exited: 0x00007f53d044b740
Event: 477.514 Thread 0x00007f53d81713a0 Thread exited: 0x00007f53d81713a0
Event: 634.626 Thread 0x00007f53d81713a0 Thread added: 0x00007f53d81713a0
Event: 634.626 Protecting memory [0x00007f544c400000,0x00007f544c404000] with protection modes 0


Dynamic libraries:
e0000000-f5580000 rw-p 00000000 00:00 0 
f5580000-f8980000 rw-p 00000000 00:00 0 
f8980000-100000000 ---p 00000000 00:00 0 
800000000-800449000 rw-p 00001000 00:1400 4611686019135357769            /nix/store/gpxl5qgg8kicmcvivwmybwjlpf7wh20l-graalvm17-ce-22.3.0/lib/server/classes.jsa
800449000-800bc8000 r--p 0044a000 00:1400 4611686019135357769            /nix/store/gpxl5qgg8kicmcvivwmybwjlpf7wh20l-graalvm17-ce-22.3.0/lib/server/classes.jsa
800bc8000-800c00000 ---p 00000000 00:00 0 
800c00000-800c20000 rw-p 00000000 00:00 0 
800c20000-800c40000 rw-p 00000000 00:00 0 
800c40000-800cc0000 rw-p 00000000 00:00 0 
800cc0000-800d00000 rw-p 00000000 00:00 0 
800d00000-800dc0000 rw-p 00000000 00:00 0 
800dc0000-800e00000 rw-p 00000000 00:00 0 
800e00000-800f40000 rw-p 00000000 00:00 0 
800f40000-801000000 rw-p 00000000 00:00 0 
801000000-801260000 rw-p 00000000 00:00 0 
801260000-840c00000 ---p 00000000 00:00 0 
55b50e8de000-55b50e8df000 r-xp 00000000 00:1400 4611686019099417844      /nix/store/gpxl5qgg8kicmcvivwmybwjlpf7wh20l-graalvm17-ce-22.3.0/bin/.java-wrapped
55b50e8e0000-55b50e8e1000 r--p 00001000 00:1400 4611686019099417844      /nix/store/gpxl5qgg8kicmcvivwmybwjlpf7wh20l-graalvm17-ce-22.3.0/bin/.java-wrapped
55b50e8e1000-55b50e8e2000 rw-p 00002000 00:1400 4611686019099417844      /nix/store/gpxl5qgg8kicmcvivwmybwjlpf7wh20l-graalvm17-ce-22.3.0/bin/.java-wrapped
55b50e8e2000-55b50e8e3000 rw-p 00004000 00:1400 4611686019099417844      /nix/store/gpxl5qgg8kicmcvivwmybwjlpf7wh20l-graalvm17-ce-22.3.0/bin/.java-wrapped
55b50e8e3000-55b50e8e4000 rw-p 00005000 00:1400 4611686019099417844      /nix/store/gpxl5qgg8kicmcvivwmybwjlpf7wh20l-graalvm17-ce-22.3.0/bin/.java-wrapped
55b50f73b000-55b50f783000 rw-p 00000000 00:00 0                          [heap]
7f5394000000-7f5394089000 rw-p 00000000 00:00 0 
7f5394089000-7f5398000000 ---p 00000000 00:00 0 
7f5398000000-7f53980ec000 rw-p 00000000 00:00 0 
7f53980ec000-7f539c000000 ---p 00000000 00:00 0 
7f539c000000-7f539c021000 rw-p 00000000 00:00 0 
7f539c021000-7f53a0000000 ---p 00000000 00:00 0 
7f53a0000000-7f53a0099000 rw-p 00000000 00:00 0 
7f53a0099000-7f53a4000000 ---p 00000000 00:00 0 
7f53a4000000-7f53a4031000 rw-p 00000000 00:00 0 
7f53a4031000-7f53a8000000 ---p 00000000 00:00 0 
7f53a8000000-7f53a8021000 rw-p 00000000 00:00 0 
7f53a8021000-7f53ac000000 ---p 00000000 00:00 0 
7f53ae800000-7f53aedc0000 rw-p 00000000 00:00 0 
7f53aedc0000-7f53aedd0000 rw-p 00000000 00:00 0 
7f53aedd0000-7f53aee00000 ---p 00000000 00:00 0 
7f53aee00000-7f53aef60000 rw-p 00000000 00:00 0 
7f53aef60000-7f53aefe0000 rw-p 00000000 00:00 0 
7f53aefe0000-7f53af000000 ---p 00000000 00:00 0 
7f53b0000000-7f53b0021000 rw-p 00000000 00:00 0 
7f53b0021000-7f53b4000000 ---p 00000000 00:00 0 
7f53b4000000-7f53b4021000 rw-p 00000000 00:00 0 
7f53b4021000-7f53b8000000 ---p 00000000 00:00 0 
7f53b8000000-7f53b8021000 rw-p 00000000 00:00 0 
7f53b8021000-7f53bc000000 ---p 00000000 00:00 0 
7f53bc000000-7f53bc021000 rw-p 00000000 00:00 0 
7f53bc021000-7f53c0000000 ---p 00000000 00:00 0 
7f53c0000000-7f53c0200000 rw-p 00000000 00:00 0 
7f53c0200000-7f53c0380000 rw-p 00000000 00:00 0 
7f53c0380000-7f53c0400000 rw-p 00000000 00:00 0 
7f53c0400000-7f53c04c0000 rw-p 00000000 00:00 0 
7f53c04c0000-7f53c0800000 rw-p 00000000 00:00 0 
7f53c14b3000-7f53cb000000 r--s 00000000 00:1400 4611686019135192581      /nix/store/gpxl5qgg8kicmcvivwmybwjlpf7wh20l-graalvm17-ce-22.3.0/lib/modules
7f53cb000000-7f53cb200000 rw-p 00000000 00:00 0 
7f53cb200000-7f53cb800000 rw-p 00000000 00:00 0 
7f53cb800000-7f53cb900000 rw-p 00000000 00:00 0 
7f53cb900000-7f53cba00000 rw-p 00000000 00:00 0 
7f53cba00000-7f53cbb00000 rw-p 00000000 00:00 0 
7f53cbb00000-7f53cbc00000 rw-p 00000000 00:00 0 
7f53cbc00000-7f53cbd00000 rw-p 00000000 00:00 0 
7f53cbd00000-7f53cbe00000 rw-p 00000000 00:00 0 
7f53cbe00000-7f53cc000000 rw-p 00000000 00:00 0 
7f53cc000000-7f53cc021000 rw-p 00000000 00:00 0 
7f53cc021000-7f53d0000000 ---p 00000000 00:00 0 
7f53d0000000-7f53d04f6000 rw-p 00000000 00:00 0 
7f53d04f6000-7f53d4000000 ---p 00000000 00:00 0 
7f53d4000000-7f53d412c000 rw-p 00000000 00:00 0 
7f53d412c000-7f53d8000000 ---p 00000000 00:00 0 
7f53d8000000-7f53d818b000 rw-p 00000000 00:00 0 
7f53d818b000-7f53dc000000 ---p 00000000 00:00 0 
7f53dc000000-7f53dc021000 rw-p 00000000 00:00 0 
7f53dc021000-7f53e0000000 ---p 00000000 00:00 0 
7f53e0000000-7f53e0021000 rw-p 00000000 00:00 0 
7f53e0021000-7f53e4000000 ---p 00000000 00:00 0 
7f53e4000000-7f53e406b000 rw-p 00000000 00:00 0 
7f53e406b000-7f53e8000000 ---p 00000000 00:00 0 
7f53e8000000-7f53e807e000 rw-p 00000000 00:00 0 
7f53e807e000-7f53ec000000 ---p 00000000 00:00 0 
7f53ec000000-7f53ec021000 rw-p 00000000 00:00 0 
7f53ec021000-7f53f0000000 ---p 00000000 00:00 0 
7f53f0000000-7f53f030f000 rw-p 00000000 00:00 0 
7f53f030f000-7f53f4000000 ---p 00000000 00:00 0 
7f53f4000000-7f53f4021000 rw-p 00000000 00:00 0 
7f53f4021000-7f53f8000000 ---p 00000000 00:00 0 
7f53f8000000-7f53f814b000 rw-p 00000000 00:00 0 
7f53f814b000-7f53fc000000 ---p 00000000 00:00 0 
7f53fc000000-7f53fc944000 rw-p 00000000 00:00 0 
7f53fc944000-7f5400000000 ---p 00000000 00:00 0 
7f5400000000-7f5400026000 rw-p 00000000 00:00 0 
7f5400026000-7f5404000000 ---p 00000000 00:00 0 
7f5404000000-7f5404021000 rw-p 00000000 00:00 0 
7f5404021000-7f5408000000 ---p 00000000 00:00 0 
7f5408000000-7f5408021000 rw-p 00000000 00:00 0 
7f5408021000-7f540c000000 ---p 00000000 00:00 0 
7f540c000000-7f540c021000 rw-p 00000000 00:00 0 
7f540c021000-7f5410000000 ---p 00000000 00:00 0 
7f5410000000-7f5410100000 rw-p 00000000 00:00 0 
7f5410100000-7f5410200000 rw-p 00000000 00:00 0 
7f5410200000-7f5410700000 rw-p 00000000 00:00 0 
7f5410700000-7f5410800000 rw-p 00000000 00:00 0 
7f5410800000-7f5410900000 rw-p 00000000 00:00 0 
7f5410900000-7f5410a00000 rw-p 00000000 00:00 0 
7f5410a00000-7f5410f00000 rw-p 00000000 00:00 0 
7f5410f00000-7f5411000000 rw-p 00000000 00:00 0 
7f5411a00000-7f5411a10000 r-xp 00000000 00:13fa 366                      /home/runner/.cache/jdt-language-server/config/org.eclipse.equinox.launcher/org.eclipse.equinox.launcher.gtk.linux.x86_64_1.2.400.v20211117-0650/eclipse_11600.so
7f5411a10000-7f5411c0f000 ---p 00010000 00:13fa 366                      /home/runner/.cache/jdt-language-server/config/org.eclipse.equinox.launcher/org.eclipse.equinox.launcher.gtk.linux.x86_64_1.2.400.v20211117-0650/eclipse_11600.so
7f5411c0f000-7f5411c10000 r--p 0000f000 00:13fa 366                      /home/runner/.cache/jdt-language-server/config/org.eclipse.equinox.launcher/org.eclipse.equinox.launcher.gtk.linux.x86_64_1.2.400.v20211117-0650/eclipse_11600.so
7f5411c10000-7f5411c11000 rw-p 00010000 00:13fa 366                      /home/runner/.cache/jdt-language-server/config/org.eclipse.equinox.launcher/org.eclipse.equinox.launcher.gtk.linux.x86_64_1.2.400.v20211117-0650/eclipse_11600.so
7f5412700000-7f5412800000 ---p 00000000 00:00 0 
7f5412800000-7f5412daf000 r--p 01122000 00:1400 4611686019135190040      /nix/store/gpxl5qgg8kicmcvivwmybwjlpf7wh20l-graalvm17-ce-22.3.0/lib/libjvmcicompiler.so
7f5412daf000-7f5412f00000 r--p 00000000 00:00 0 
7f5412f00000-7f5412f3d000 rw-p 00000000 00:00 0 
7f5412f3d000-7f541345d000 rw-p 0185f000 00:1400 4611686019135190040      /nix/store/gpxl5qgg8kicmcvivwmybwjlpf7wh20l-graalvm17-ce-22.3.0/lib/libjvmcicompiler.so
7f541345d000-7f5413844000 r--p 01d7f000 00:1400 4611686019135190040      /nix/store/gpxl5qgg8kicmcvivwmybwjlpf7wh20l-graalvm17-ce-22.3.0/lib/libjvmcicompiler.so
7f5413900000-7f5413904000 ---p 00000000 00:00 0 
7f5413904000-7f5413a00000 rw-p 00000000 00:00 0 
7f5413b00000-7f5413b04000 ---p 00000000 00:00 0 
7f5413b04000-7f5413c00000 rw-p 00000000 00:00 0 
7f5413d00000-7f5413d04000 ---p 00000000 00:00 0 
7f5413d04000-7f5413e00000 rw-p 00000000 00:00 0 
7f5413f00000-7f5413f04000 ---p 00000000 00:00 0 
7f5413f04000-7f5414000000 rw-p 00000000 00:00 0 
7f5414000000-7f5414004000 ---p 00000000 00:00 0 
7f5414004000-7f5414100000 rw-p 00000000 00:00 0 
7f5414100000-7f5414104000 ---p 00000000 00:00 0 
7f5414104000-7f5414200000 rw-p 00000000 00:00 0 
7f5414200000-7f5414204000 ---p 00000000 00:00 0 
7f5414204000-7f5414300000 rw-p 00000000 00:00 0 
7f5414300000-7f5414304000 ---p 00000000 00:00 0 
7f5414304000-7f5414400000 rw-p 00000000 00:00 0 
7f5414500000-7f5414504000 ---p 00000000 00:00 0 
7f5414504000-7f5414600000 rw-p 00000000 00:00 0 
7f5414700000-7f5414704000 ---p 00000000 00:00 0 
7f5414704000-7f5414800000 rw-p 00000000 00:00 0 
7f5414800000-7f5414804000 ---p 00000000 00:00 0 
7f5414804000-7f5414900000 rw-p 00000000 00:00 0 
7f5414900000-7f5414904000 ---p 00000000 00:00 0 
7f5414904000-7f5414a00000 rw-p 00000000 00:00 0 
7f5415668000-7f5415b00000 rw-p 00000000 00:00 0 
7f5415c00000-7f5417d6a000 r-xp 00000000 00:1400 4611686019135190040      /nix/store/gpxl5qgg8kicmcvivwmybwjlpf7wh20l-graalvm17-ce-22.3.0/lib/libjvmcicompiler.so
7f5417d6a000-7f5417f69000 ---p 0216a000 00:1400 4611686019135190040      /nix/store/gpxl5qgg8kicmcvivwmybwjlpf7wh20l-graalvm17-ce-22.3.0/lib/libjvmcicompiler.so
7f5417f69000-7f5417f6a000 r--p 02169000 00:1400 4611686019135190040      /nix/store/gpxl5qgg8kicmcvivwmybwjlpf7wh20l-graalvm17-ce-22.3.0/lib/libjvmcicompiler.so
7f5417f6a000-7f5417f6c000 rw-p 0216a000 00:1400 4611686019135190040      /nix/store/gpxl5qgg8kicmcvivwmybwjlpf7wh20l-graalvm17-ce-22.3.0/lib/libjvmcicompiler.so
7f5417f6c000-7f5417f6d000 rw-p 00000000 00:00 0 
7f5417f6d000-7f5417f72000 rw-p 023c3000 00:1400 4611686019135190040      /nix/store/gpxl5qgg8kicmcvivwmybwjlpf7wh20l-graalvm17-ce-22.3.0/lib/libjvmcicompiler.so
7f5418000000-7f5418021000 rw-p 00000000 00:00 0 
7f5418021000-7f541c000000 ---p 00000000 00:00 0 
7f541c000000-7f541c021000 rw-p 00000000 00:00 0 
7f541c021000-7f5420000000 ---p 00000000 00:00 0 
7f5420000000-7f5420021000 rw-p 00000000 00:00 0 
7f5420021000-7f5424000000 ---p 00000000 00:00 0 
7f5424000000-7f5424021000 rw-p 00000000 00:00 0 
7f5424021000-7f5428000000 ---p 00000000 00:00 0 
7f5428000000-7f54280c8000 rw-p 00000000 00:00 0 
7f54280c8000-7f542c000000 ---p 00000000 00:00 0 
7f542c000000-7f542cbec000 rw-p 00000000 00:00 0 
7f542cbec000-7f5430000000 ---p 00000000 00:00 0 
7f5430000000-7f5430021000 rw-p 00000000 00:00 0 
7f5430021000-7f5434000000 ---p 00000000 00:00 0 
7f5434000000-7f5434021000 rw-p 00000000 00:00 0 
7f5434021000-7f5438000000 ---p 00000000 00:00 0 
7f5438000000-7f5438021000 rw-p 00000000 00:00 0 
7f5438021000-7f543c000000 ---p 00000000 00:00 0 
7f543c000000-7f543c021000 rw-p 00000000 00:00 0 
7f543c021000-7f5440000000 ---p 00000000 00:00 0 
7f5440000000-7f5440021000 rw-p 00000000 00:00 0 
7f5440021000-7f5444000000 ---p 00000000 00:00 0 
7f5444000000-7f5444021000 rw-p 00000000 00:00 0 
7f5444021000-7f5448000000 ---p 00000000 00:00 0 
7f5448000000-7f5448071000 rw-p 00000000 00:00 0 
7f5448071000-7f544c000000 ---p 00000000 00:00 0 
7f544c000000-7f544c004000 ---p 00000000 00:00 0 
7f544c004000-7f544c100000 rw-p 00000000 00:00 0 
7f544c100000-7f544c104000 ---p 00000000 00:00 0 
7f544c104000-7f544c200000 rw-p 00000000 00:00 0 
7f544c200000-7f544c204000 ---p 00000000 00:00 0 
7f544c204000-7f544c300000 rw-p 00000000 00:00 0 
7f544c300000-7f544c304000 ---p 00000000 00:00 0 
7f544c304000-7f544c400000 rw-p 00000000 00:00 0 
7f544c400000-7f544c404000 ---p 00000000 00:00 0 
7f544c404000-7f544c500000 rw-p 00000000 00:00 0 
7f544c600000-7f544c604000 ---p 00000000 00:00 0 
7f544c604000-7f544c700000 rw-p 00000000 00:00 0 
7f544c700000-7f544c704000 ---p 00000000 00:00 0 
7f544c704000-7f544c800000 rw-p 00000000 00:00 0 
7f544c800000-7f544c804000 ---p 00000000 00:00 0 
7f544c804000-7f544c900000 rw-p 00000000 00:00 0 
7f544c900000-7f544c904000 ---p 00000000 00:00 0 
7f544c904000-7f544ca00000 rw-p 00000000 00:00 0 
7f544ca00000-7f544ca04000 ---p 00000000 00:00 0 
7f544ca04000-7f544cb00000 rw-p 00000000 00:00 0 
7f544cb00000-7f544cb04000 ---p 00000000 00:00 0 
7f544cb04000-7f544cc00000 rw-p 00000000 00:00 0 
7f544cc00000-7f544cc04000 ---p 00000000 00:00 0 
7f544cc04000-7f544cd00000 rw-p 00000000 00:00 0 
7f544ce00000-7f544ce04000 ---p 00000000 00:00 0 
7f544ce04000-7f544cf00000 rw-p 00000000 00:00 0 
7f544cffe000-7f544d002000 ---p 00000000 00:00 0 
7f544d002000-7f544d0fe000 rw-p 00000000 00:00 0 
7f544d0fe000-7f544d0ff000 ---p 00000000 00:00 0 
7f544d0ff000-7f544d200000 rw-p 00000000 00:00 0 
7f544d200000-7f544d204000 ---p 00000000 00:00 0 
7f544d204000-7f544d300000 rw-p 00000000 00:00 0 
7f544d300000-7f544d304000 ---p 00000000 00:00 0 
7f544d304000-7f544d400000 rw-p 00000000 00:00 0 
7f544d400000-7f544d404000 ---p 00000000 00:00 0 
7f544d404000-7f544d500000 rw-p 00000000 00:00 0 
7f544d500000-7f544d504000 ---p 00000000 00:00 0 
7f544d504000-7f544d700000 rw-p 00000000 00:00 0 
7f544d700000-7f544d704000 ---p 00000000 00:00 0 
7f544d704000-7f544d900000 rw-p 00000000 00:00 0 
7f544d900000-7f544d904000 ---p 00000000 00:00 0 
7f544d904000-7f544da00000 rw-p 00000000 00:00 0 
7f544da00000-7f544da04000 ---p 00000000 00:00 0 
7f544da04000-7f544db00000 rw-p 00000000 00:00 0 
7f544db00000-7f544db04000 ---p 00000000 00:00 0 
7f544db04000-7f544e000000 rw-p 00000000 00:00 0 
7f544e000000-7f544e300000 rw-p 00000000 00:00 0 
7f544e300000-7f544e400000 rw-p 00000000 00:00 0 
7f544e46a000-7f544e46e000 ---p 00000000 00:00 0 
7f544e46e000-7f544e48c000 rw-p 00000000 00:00 0 
7f544e48c000-7f544e493000 r-xp 00000000 00:1400 4611686019135192580      /nix/store/gpxl5qgg8kicmcvivwmybwjlpf7wh20l-graalvm17-ce-22.3.0/lib/libzip.so
7f544e493000-7f544e494000 ---p 00007000 00:1400 4611686019135192580      /nix/store/gpxl5qgg8kicmcvivwmybwjlpf7wh20l-graalvm17-ce-22.3.0/lib/libzip.so
7f544e494000-7f544e495000 r--p 00007000 00:1400 4611686019135192580      /nix/store/gpxl5qgg8kicmcvivwmybwjlpf7wh20l-graalvm17-ce-22.3.0/lib/libzip.so
7f544e495000-7f544e496000 rw-p 00008000 00:1400 4611686019135192580      /nix/store/gpxl5qgg8kicmcvivwmybwjlpf7wh20l-graalvm17-ce-22.3.0/lib/libzip.so
7f544e496000-7f544e498000 rw-p 0000b000 00:1400 4611686019135192580      /nix/store/gpxl5qgg8kicmcvivwmybwjlpf7wh20l-graalvm17-ce-22.3.0/lib/libzip.so
7f544e498000-7f544e4ad000 r-xp 00000000 00:1400 4611686019135192570      /nix/store/gpxl5qgg8kicmcvivwmybwjlpf7wh20l-graalvm17-ce-22.3.0/lib/libnet.so
7f544e4ad000-7f544e4ae000 ---p 00015000 00:1400 4611686019135192570      /nix/store/gpxl5qgg8kicmcvivwmybwjlpf7wh20l-graalvm17-ce-22.3.0/lib/libnet.so
7f544e4ae000-7f544e4af000 r--p 00015000 00:1400 4611686019135192570      /nix/store/gpxl5qgg8kicmcvivwmybwjlpf7wh20l-graalvm17-ce-22.3.0/lib/libnet.so
7f544e4af000-7f544e4b0000 rw-p 00016000 00:1400 4611686019135192570      /nix/store/gpxl5qgg8kicmcvivwmybwjlpf7wh20l-graalvm17-ce-22.3.0/lib/libnet.so
7f544e4b0000-7f544e4b3000 rw-p 0001b000 00:1400 4611686019135192570      /nix/store/gpxl5qgg8kicmcvivwmybwjlpf7wh20l-graalvm17-ce-22.3.0/lib/libnet.so
7f544e4b3000-7f544f4b3000 rw-p 00000000 00:00 0 
7f544f4b3000-7f544f723000 rwxp 00000000 00:00 0 
7f544f723000-7f544fa42000 ---p 00000000 00:00 0 
7f544fa42000-7f5450c32000 rwxp 00000000 00:00 0 
7f5450c32000-7f5456f7a000 ---p 00000000 00:00 0 
7f5456f7a000-7f545721a000 rwxp 00000000 00:00 0 
7f545721a000-7f545e4b3000 ---p 00000000 00:00 0 
7f545e4b3000-7f5468000000 r--s 00000000 00:1400 4611686019135192581      /nix/store/gpxl5qgg8kicmcvivwmybwjlpf7wh20l-graalvm17-ce-22.3.0/lib/modules
7f5468000000-7f5468612000 rw-p 00000000 00:00 0 
7f5468612000-7f546c000000 ---p 00000000 00:00 0 
7f546c005000-7f546c007000 r-xp 00000000 00:1400 4611686019135190017      /nix/store/gpxl5qgg8kicmcvivwmybwjlpf7wh20l-graalvm17-ce-22.3.0/lib/libextnet.so
7f546c007000-7f546c008000 r--p 00001000 00:1400 4611686019135190017      /nix/store/gpxl5qgg8kicmcvivwmybwjlpf7wh20l-graalvm17-ce-22.3.0/lib/libextnet.so
7f546c008000-7f546c009000 rw-p 00002000 00:1400 4611686019135190017      /nix/store/gpxl5qgg8kicmcvivwmybwjlpf7wh20l-graalvm17-ce-22.3.0/lib/libextnet.so
7f546c009000-7f546c00a000 rw-p 00004000 00:1400 4611686019135190017      /nix/store/gpxl5qgg8kicmcvivwmybwjlpf7wh20l-graalvm17-ce-22.3.0/lib/libextnet.so
7f546c00a000-7f546c01d000 r-xp 00000000 00:1400 4611686019135192571      /nix/store/gpxl5qgg8kicmcvivwmybwjlpf7wh20l-graalvm17-ce-22.3.0/lib/libnio.so
7f546c01d000-7f546c01e000 r--p 00012000 00:1400 4611686019135192571      /nix/store/gpxl5qgg8kicmcvivwmybwjlpf7wh20l-graalvm17-ce-22.3.0/lib/libnio.so
7f546c01e000-7f546c01f000 rw-p 00013000 00:1400 4611686019135192571      /nix/store/gpxl5qgg8kicmcvivwmybwjlpf7wh20l-graalvm17-ce-22.3.0/lib/libnio.so
7f546c01f000-7f546c024000 rw-p 00019000 00:1400 4611686019135192571      /nix/store/gpxl5qgg8kicmcvivwmybwjlpf7wh20l-graalvm17-ce-22.3.0/lib/libnio.so
7f546c024000-7f546c30a000 r--p 00000000 00:f91 28444448                  /usr/lib/locale/locale-archive
7f546c30a000-7f546c30e000 ---p 00000000 00:00 0 
7f546c30e000-7f546c40a000 rw-p 00000000 00:00 0 
7f546c40a000-7f546c40e000 ---p 00000000 00:00 0 
7f546c40e000-7f546c50a000 rw-p 00000000 00:00 0 
7f546c50a000-7f546c50b000 ---p 00000000 00:00 0 
7f546c50b000-7f546c60c000 rw-p 00000000 00:00 0 
7f546c60c000-7f546c6da000 r-xp 00000000 00:1400 4611686019135190036      /nix/store/gpxl5qgg8kicmcvivwmybwjlpf7wh20l-graalvm17-ce-22.3.0/lib/libjsvml.so
7f546c6da000-7f546c6db000 r--p 000cd000 00:1400 4611686019135190036      /nix/store/gpxl5qgg8kicmcvivwmybwjlpf7wh20l-graalvm17-ce-22.3.0/lib/libjsvml.so
7f546c6db000-7f546c6dc000 rw-p 000ce000 00:1400 4611686019135190036      /nix/store/gpxl5qgg8kicmcvivwmybwjlpf7wh20l-graalvm17-ce-22.3.0/lib/libjsvml.so
7f546c6dc000-7f546cfb4000 rw-p 00000000 00:00 0 
7f546cfb4000-7f546cfb5000 ---p 00000000 00:00 0 
7f546cfb5000-7f546d160000 rw-p 00000000 00:00 0 
7f546d160000-7f546d17b000 rw-p 00000000 00:00 0 
7f546d17b000-7f546d1b6000 ---p 00000000 00:00 0 
7f546d1b6000-7f546d1bd000 rw-p 00000000 00:00 0 
7f546d1bd000-7f546d2a2000 ---p 00000000 00:00 0 
7f546d2a2000-7f546d2c6000 rw-p 00000000 00:00 0 
7f546d2c6000-7f546d38d000 ---p 00000000 00:00 0 
7f546d38d000-7f546d392000 rw-p 00000000 00:00 0 
7f546d392000-7f546d399000 ---p 00000000 00:00 0 
7f546d399000-7f546d3bd000 r-xp 00000000 00:1400 4611686019135190028      /nix/store/gpxl5qgg8kicmcvivwmybwjlpf7wh20l-graalvm17-ce-22.3.0/lib/libjava.so
7f546d3bd000-7f546d3be000 ---p 00024000 00:1400 4611686019135190028      /nix/store/gpxl5qgg8kicmcvivwmybwjlpf7wh20l-graalvm17-ce-22.3.0/lib/libjava.so
7f546d3be000-7f546d3bf000 r--p 00024000 00:1400 4611686019135190028      /nix/store/gpxl5qgg8kicmcvivwmybwjlpf7wh20l-graalvm17-ce-22.3.0/lib/libjava.so
7f546d3bf000-7f546d3c0000 rw-p 00025000 00:1400 4611686019135190028      /nix/store/gpxl5qgg8kicmcvivwmybwjlpf7wh20l-graalvm17-ce-22.3.0/lib/libjava.so
7f546d3c0000-7f546d3c1000 rw-p 00000000 00:00 0 
7f546d3c1000-7f546d3c8000 rw-p 0002f000 00:1400 4611686019135190028      /nix/store/gpxl5qgg8kicmcvivwmybwjlpf7wh20l-graalvm17-ce-22.3.0/lib/libjava.so
7f546d3c8000-7f546d3d0000 rw-s 00000000 00:2bb 361                       /tmp/hsperfdata_runner/30
7f546d3d0000-7f546d3d1000 ---p 00000000 00:00 0 
7f546d3d1000-7f546d3d2000 r--p 00000000 00:00 0 
7f546d3d2000-7f546d3d3000 rwxp 00000000 00:00 0 
7f546d3d3000-7f546d3ee000 r-xp 00000000 00:1400 4611686019135190032      /nix/store/gpxl5qgg8kicmcvivwmybwjlpf7wh20l-graalvm17-ce-22.3.0/lib/libjimage.so
7f546d3ee000-7f546d3ef000 ---p 0001b000 00:1400 4611686019135190032      /nix/store/gpxl5qgg8kicmcvivwmybwjlpf7wh20l-graalvm17-ce-22.3.0/lib/libjimage.so
7f546d3ef000-7f546d3f1000 r--p 0001b000 00:1400 4611686019135190032      /nix/store/gpxl5qgg8kicmcvivwmybwjlpf7wh20l-graalvm17-ce-22.3.0/lib/libjimage.so
7f546d3f1000-7f546d3f2000 rw-p 0001d000 00:1400 4611686019135190032      /nix/store/gpxl5qgg8kicmcvivwmybwjlpf7wh20l-graalvm17-ce-22.3.0/lib/libjimage.so
7f546d3f2000-7f546d3f3000 rw-p 00024000 00:1400 4611686019135190032      /nix/store/gpxl5qgg8kicmcvivwmybwjlpf7wh20l-graalvm17-ce-22.3.0/lib/libjimage.so
7f546d3f3000-7f546d3f7000 ---p 00000000 00:00 0 
7f546d3f7000-7f546d4f3000 rw-p 00000000 00:00 0 
7f546d4f3000-7f546d501000 r--p 00000000 00:1400 4611686019027979927      /nix/store/4nlgxhb09sdr51nc9hdm8az5b08vzkgx-glibc-2.35-163/lib/libm.so.6
7f546d501000-7f546d574000 r-xp 0000e000 00:1400 4611686019027979927      /nix/store/4nlgxhb09sdr51nc9hdm8az5b08vzkgx-glibc-2.35-163/lib/libm.so.6
7f546d574000-7f546d5d1000 r--p 00081000 00:1400 4611686019027979927      /nix/store/4nlgxhb09sdr51nc9hdm8az5b08vzkgx-glibc-2.35-163/lib/libm.so.6
7f546d5d1000-7f546d5d2000 r--p 000dd000 00:1400 4611686019027979927      /nix/store/4nlgxhb09sdr51nc9hdm8az5b08vzkgx-glibc-2.35-163/lib/libm.so.6
7f546d5d2000-7f546d5d3000 rw-p 000de000 00:1400 4611686019027979927      /nix/store/4nlgxhb09sdr51nc9hdm8az5b08vzkgx-glibc-2.35-163/lib/libm.so.6
7f546d5d3000-7f546d5d4000 r--p 00000000 00:1400 4611686019027979946      /nix/store/4nlgxhb09sdr51nc9hdm8az5b08vzkgx-glibc-2.35-163/lib/librt.so.1
7f546d5d4000-7f546d5d5000 r-xp 00001000 00:1400 4611686019027979946      /nix/store/4nlgxhb09sdr51nc9hdm8az5b08vzkgx-glibc-2.35-163/lib/librt.so.1
7f546d5d5000-7f546d5d6000 r--p 00002000 00:1400 4611686019027979946      /nix/store/4nlgxhb09sdr51nc9hdm8az5b08vzkgx-glibc-2.35-163/lib/librt.so.1
7f546d5d6000-7f546d5d7000 r--p 00002000 00:1400 4611686019027979946      /nix/store/4nlgxhb09sdr51nc9hdm8az5b08vzkgx-glibc-2.35-163/lib/librt.so.1
7f546d5d7000-7f546d5d8000 rw-p 00003000 00:1400 4611686019027979946      /nix/store/4nlgxhb09sdr51nc9hdm8az5b08vzkgx-glibc-2.35-163/lib/librt.so.1
7f546d5d8000-7f546e6eb000 r-xp 00000000 00:1400 4611686019135360866      /nix/store/gpxl5qgg8kicmcvivwmybwjlpf7wh20l-graalvm17-ce-22.3.0/lib/server/libjvm.so
7f546e6eb000-7f546e6ec000 ---p 01113000 00:1400 4611686019135360866      /nix/store/gpxl5qgg8kicmcvivwmybwjlpf7wh20l-graalvm17-ce-22.3.0/lib/server/libjvm.so
7f546e6ec000-7f546e7a1000 r--p 01113000 00:1400 4611686019135360866      /nix/store/gpxl5qgg8kicmcvivwmybwjlpf7wh20l-graalvm17-ce-22.3.0/lib/server/libjvm.so
7f546e7a1000-7f546e7d5000 rw-p 011c8000 00:1400 4611686019135360866      /nix/store/gpxl5qgg8kicmcvivwmybwjlpf7wh20l-graalvm17-ce-22.3.0/lib/server/libjvm.so
7f546e7d5000-7f546e831000 rw-p 00000000 00:00 0 
7f546e831000-7f546e859000 r--p 00000000 00:1400 4611686019027979918      /nix/store/4nlgxhb09sdr51nc9hdm8az5b08vzkgx-glibc-2.35-163/lib/libc.so.6
7f546e859000-7f546e9cf000 r-xp 00028000 00:1400 4611686019027979918      /nix/store/4nlgxhb09sdr51nc9hdm8az5b08vzkgx-glibc-2.35-163/lib/libc.so.6
7f546e9cf000-7f546ea27000 r--p 0019e000 00:1400 4611686019027979918      /nix/store/4nlgxhb09sdr51nc9hdm8az5b08vzkgx-glibc-2.35-163/lib/libc.so.6
7f546ea27000-7f546ea2b000 r--p 001f6000 00:1400 4611686019027979918      /nix/store/4nlgxhb09sdr51nc9hdm8az5b08vzkgx-glibc-2.35-163/lib/libc.so.6
7f546ea2b000-7f546ea2d000 rw-p 001fa000 00:1400 4611686019027979918      /nix/store/4nlgxhb09sdr51nc9hdm8az5b08vzkgx-glibc-2.35-163/lib/libc.so.6
7f546ea2d000-7f546ea3c000 rw-p 00000000 00:00 0 
7f546ea3c000-7f546ea3d000 r--p 00000000 00:1400 4611686019027979923      /nix/store/4nlgxhb09sdr51nc9hdm8az5b08vzkgx-glibc-2.35-163/lib/libdl.so.2
7f546ea3d000-7f546ea3e000 r-xp 00001000 00:1400 4611686019027979923      /nix/store/4nlgxhb09sdr51nc9hdm8az5b08vzkgx-glibc-2.35-163/lib/libdl.so.2
7f546ea3e000-7f546ea3f000 r--p 00002000 00:1400 4611686019027979923      /nix/store/4nlgxhb09sdr51nc9hdm8az5b08vzkgx-glibc-2.35-163/lib/libdl.so.2
7f546ea3f000-7f546ea40000 r--p 00002000 00:1400 4611686019027979923      /nix/store/4nlgxhb09sdr51nc9hdm8az5b08vzkgx-glibc-2.35-163/lib/libdl.so.2
7f546ea40000-7f546ea41000 rw-p 00003000 00:1400 4611686019027979923      /nix/store/4nlgxhb09sdr51nc9hdm8az5b08vzkgx-glibc-2.35-163/lib/libdl.so.2
7f546ea41000-7f546ea42000 r--p 00000000 00:1400 4611686019027979942      /nix/store/4nlgxhb09sdr51nc9hdm8az5b08vzkgx-glibc-2.35-163/lib/libpthread.so.0
7f546ea42000-7f546ea43000 r-xp 00001000 00:1400 4611686019027979942      /nix/store/4nlgxhb09sdr51nc9hdm8az5b08vzkgx-glibc-2.35-163/lib/libpthread.so.0
7f546ea43000-7f546ea44000 r--p 00002000 00:1400 4611686019027979942      /nix/store/4nlgxhb09sdr51nc9hdm8az5b08vzkgx-glibc-2.35-163/lib/libpthread.so.0
7f546ea44000-7f546ea45000 r--p 00002000 00:1400 4611686019027979942      /nix/store/4nlgxhb09sdr51nc9hdm8az5b08vzkgx-glibc-2.35-163/lib/libpthread.so.0
7f546ea45000-7f546ea46000 rw-p 00003000 00:1400 4611686019027979942      /nix/store/4nlgxhb09sdr51nc9hdm8az5b08vzkgx-glibc-2.35-163/lib/libpthread.so.0
7f546ea46000-7f546ea54000 r-xp 00000000 00:1400 4611686019135190033      /nix/store/gpxl5qgg8kicmcvivwmybwjlpf7wh20l-graalvm17-ce-22.3.0/lib/libjli.so
7f546ea54000-7f546ea55000 ---p 0000e000 00:1400 4611686019135190033      /nix/store/gpxl5qgg8kicmcvivwmybwjlpf7wh20l-graalvm17-ce-22.3.0/lib/libjli.so
7f546ea55000-7f546ea56000 r--p 0000e000 00:1400 4611686019135190033      /nix/store/gpxl5qgg8kicmcvivwmybwjlpf7wh20l-graalvm17-ce-22.3.0/lib/libjli.so
7f546ea56000-7f546ea57000 rw-p 0000f000 00:1400 4611686019135190033      /nix/store/gpxl5qgg8kicmcvivwmybwjlpf7wh20l-graalvm17-ce-22.3.0/lib/libjli.so
7f546ea57000-7f546ea58000 rw-p 00012000 00:1400 4611686019135190033      /nix/store/gpxl5qgg8kicmcvivwmybwjlpf7wh20l-graalvm17-ce-22.3.0/lib/libjli.so
7f546ea58000-7f546ea5b000 r--p 00000000 00:1400 4611686019106210071      /nix/store/026hln0aq1hyshaxsdvhg0kmcm6yf45r-zlib-1.2.13/lib/libz.so.1.2.13
7f546ea5b000-7f546ea6d000 r-xp 00003000 00:1400 4611686019106210071      /nix/store/026hln0aq1hyshaxsdvhg0kmcm6yf45r-zlib-1.2.13/lib/libz.so.1.2.13
7f546ea6d000-7f546ea74000 r--p 00015000 00:1400 4611686019106210071      /nix/store/026hln0aq1hyshaxsdvhg0kmcm6yf45r-zlib-1.2.13/lib/libz.so.1.2.13
7f546ea74000-7f546ea75000 r--p 0001b000 00:1400 4611686019106210071      /nix/store/026hln0aq1hyshaxsdvhg0kmcm6yf45r-zlib-1.2.13/lib/libz.so.1.2.13
7f546ea75000-7f546ea76000 rw-p 0001c000 00:1400 4611686019106210071      /nix/store/026hln0aq1hyshaxsdvhg0kmcm6yf45r-zlib-1.2.13/lib/libz.so.1.2.13
7f546ea76000-7f546ea78000 rw-p 00000000 00:00 0 
7f546ea78000-7f546ea7a000 r--p 00000000 00:1400 4611686019027979912      /nix/store/4nlgxhb09sdr51nc9hdm8az5b08vzkgx-glibc-2.35-163/lib/ld-linux-x86-64.so.2
7f546ea7a000-7f546eaa1000 r-xp 00002000 00:1400 4611686019027979912      /nix/store/4nlgxhb09sdr51nc9hdm8az5b08vzkgx-glibc-2.35-163/lib/ld-linux-x86-64.so.2
7f546eaa1000-7f546eaad000 r--p 00029000 00:1400 4611686019027979912      /nix/store/4nlgxhb09sdr51nc9hdm8az5b08vzkgx-glibc-2.35-163/lib/ld-linux-x86-64.so.2
7f546eaad000-7f546eaaf000 r--p 00034000 00:1400 4611686019027979912      /nix/store/4nlgxhb09sdr51nc9hdm8az5b08vzkgx-glibc-2.35-163/lib/ld-linux-x86-64.so.2
7f546eaaf000-7f546eab1000 rw-p 00036000 00:1400 4611686019027979912      /nix/store/4nlgxhb09sdr51nc9hdm8az5b08vzkgx-glibc-2.35-163/lib/ld-linux-x86-64.so.2
7fff37cfd000-7fff37d22000 rw-p 00000000 00:00 0                          [stack]
7fff37d9f000-7fff37da3000 r--p 00000000 00:00 0                          [vvar]
7fff37da3000-7fff37da5000 r-xp 00000000 00:00 0                          [vdso]
ffffffffff600000-ffffffffff601000 --xp 00000000 00:00 0                  [vsyscall]


VM Arguments:
jvm_args: -XX:ThreadPriorityPolicy=1 -XX:+UnlockExperimentalVMOptions -XX:+EnableJVMCIProduct -XX:JVMCIThreadsPerNativeLibraryRuntime=1 -XX:-UnlockExperimentalVMOptions -Declipse.application=org.eclipse.jdt.ls.core.id1 -Dosgi.bundles.defaultStartLevel=4 -Declipse.product=org.eclipse.jdt.ls.core.product -Dlog.level=ALL -Xverify:none -XX:+UseParallelGC -XX:GCTimeRatio=4 -XX:AdaptiveSizePolicyWeight=90 -Dsun.zip.disableMemoryMapping=true -Xmx512m -Xms100m 
java_command: /nix/store/m6gcpi1ii6rghy04cjwjddcavv7i90df-jdt-language-server-1.9.0/share/java/plugins/org.eclipse.equinox.launcher_1.6.400.v20210924-0641.jar --add-modules=ALL-SYSTEM --add-opens java.base/java.util=ALL-UNNAMED --add-opens java.base/java.lang=ALL-UNNAMED -configuration /home/runner/.cache/jdt-language-server/config -data /home/runner/.cache/jdt-language-server/data/home/runner/WritingUnitTests
java_class_path (initial): /nix/store/m6gcpi1ii6rghy04cjwjddcavv7i90df-jdt-language-server-1.9.0/share/java/plugins/org.eclipse.equinox.launcher_1.6.400.v20210924-0641.jar
Launcher Type: SUN_STANDARD

[Global flags]
    uintx AdaptiveSizePolicyWeight                 = 90                                        {product} {command line}
     intx CICompilerCount                          = 2                                         {product} {ergonomic}
     bool EnableJVMCIProduct                       = true                                {JVMCI product} {jimage}
    uintx GCTimeRatio                              = 4                                         {product} {command line}
   size_t InitialHeapSize                          = 104857600                                 {product} {command line}
     uint JVMCIThreadsPerNativeLibraryRuntime      = 1                                   {JVMCI product} {jimage}
   size_t MaxHeapSize                              = 536870912                                 {product} {command line}
   size_t MaxNewSize                               = 178782208                                 {product} {ergonomic}
   size_t MinHeapDeltaBytes                        = 524288                                    {product} {ergonomic}
   size_t MinHeapSize                              = 104857600                                 {product} {command line}
   size_t NewSize                                  = 34603008                                  {product} {ergonomic}
    uintx NonNMethodCodeHeapSize                   = 5826188                                {pd product} {ergonomic}
    uintx NonProfiledCodeHeapSize                  = 122916026                              {pd product} {ergonomic}
   size_t OldSize                                  = 70254592                                  {product} {ergonomic}
    uintx ProfiledCodeHeapSize                     = 122916026                              {pd product} {ergonomic}
    uintx ReservedCodeCacheSize                    = 251658240                              {pd product} {ergonomic}
     bool SegmentedCodeCache                       = true                                      {product} {ergonomic}
   size_t SoftMaxHeapSize                          = 536870912                              {manageable} {ergonomic}
     intx ThreadPriorityPolicy                     = 1                                         {product} {jimage}
     bool UseCompressedClassPointers               = true                           {product lp64_product} {ergonomic}
     bool UseCompressedOops                        = true                           {product lp64_product} {ergonomic}
     bool UseParallelGC                            = true                                      {product} {command line}

Logging:
Log output configuration:
 #0: stdout all=warning uptime,level,tags
 #1: stderr all=off uptime,level,tags

Environment Variables:
JAVA_HOME=/nix/store/gpxl5qgg8kicmcvivwmybwjlpf7wh20l-graalvm17-ce-22.3.0
PATH=/nix/store/1d6ian3r8kdzspw8hacjhl3xkp40g1lj-binutils-wrapper-2.39/bin:/nix/store/dq0xwmsk1g0i2ayg6pb7y87na2knzylh-gcc-wrapper-11.3.0/bin:/nix/store/bap4d0lpcrhpwmpb8ayjcgkmvfj62lnq-bash-interactive-5.1-p16/bin:/nix/store/pr5n59mb4jzmfx6kanwxly0l07p861fg-patchelf-0.15.0/bin:/nix/store/1gf2flfqnpqbr1b4p4qz2f72y42bs56r-gcc-11.3.0/bin:/nix/store/57xv61c5zi8pphjbcwxxjlgc34p61ic9-glibc-2.35-163-bin/bin:/nix/store/a7gvj343m05j2s32xcnwr35v31ynlypr-coreutils-9.1/bin:/nix/store/039g378vc3pc3dvi9dzdlrd0i4q93qwf-binutils-2.39/bin:/nix/store/gpxl5qgg8kicmcvivwmybwjlpf7wh20l-graalvm17-ce-22.3.0/bin:/nix/store/6z9ag3ihc8mq2hzsw48lhbznvzny65nz-apache-maven-3.8.6/bin:/nix/store/m6gcpi1ii6rghy04cjwjddcavv7i90df-jdt-language-server-1.9.0/bin:/nix/store/84xs5alhs01zrbr4ywm05kxbjbp5590l-java-debug/bin:/nix/store/mydc6f4k2z73xlcz7ilif3v2lcaiqvza-findutils-4.9.0/bin:/nix/store/j9p3g8472iijd50vhdprx0nmk2fqn5gv-diffutils-3.8/bin:/nix/store/89zs7rms6x00xfq4dq6m7mjnhkr8a6r4-gnused-4.8/bin:/nix/store/86bp03jkmsl6f92w0yzg4s59g5mhxwmy-gnugrep-3.7/bin:/nix/store/hwcdqw4jrjnd37wxqgsd47hd0j8bnj09-gawk-5.1.1/bin:/nix/store/cfbhw8r8ags41vwqaz47r583d0p4h4a1-gnutar-1.34/bin:/nix/store/p3m1ndl1lapwrlh698bnb5lvvxh67378-gzip-1.12/bin:/nix/store/a8mhcagrsly7c7mpjrpsnaahk4aax056-bzip2-1.0.8-bin/bin:/nix/store/mblgz65m3zv9x548a3d5m96fj2pbwr09-gnumake-4.3/bin:/nix/store/dsd5gz46hdbdk2rfdimqddhq6m8m8fqs-bash-5.1-p16/bin:/nix/store/v7ljksji50mg3w61dykaa3n3y79n6nil-patch-2.7.6/bin:/nix/store/zlcnmqq14jz5x9439jf937mvayyl63da-xz-5.2.7-bin/bin:/nix/store/y6aj732zm9m87c82fpvf103a1xb22blp-file-5.43/bin:/nix/store/i4kzir3m7mrisxmf5xvlnkw01x4qaqr4-prybar-elisp-0.0.0-e0d9a52/bin:/nix/store/lwwivxf6h7x3cvxp9zv8sj0mv7dak99r-prybar-lua-0.0.0-e0d9a52/bin:/nix/store/gxj28g1cg4hq3qanmjv07156h800qr58-prybar-python3-0.0.0-e0d9a52/bin:/nix/store/hshkjnxrgidigf8x75vg6lqng2xlx9i3-prybar-sqlite-0.0.0-e0d9a52/bin:/nix/store/c4w01bpjgyy5ixmwdk8m1pw87zq4sl26-prybar-tcl-0.0.0-e0d9a52/bin:/nix/store/hpbvrlwd5viqmvcaisb3x0118i913a9n-st
LD_LIBRARY_PATH=/nix/store/a4pff549sk2idnkpzk5nsfps3mdkdnvm-cups-2.4.2-lib/lib:/nix/store/72mqxxhh3cy5yifh92wh2yb8cl2hikyy-cairo-1.16.0/lib:/nix/store/2k366jrbsra97gjfxwvrhvixjfxdach5-glib-2.74.1/lib:/nix/store/2j2znigd8ak37rlwh9khz0ry3clqlw1l-gtk+3-3.24.34/lib:/nix/store/hisqvx32cd57apbpcsnkpx6k3549wql1-libglvnd-1.4.0/lib:/nix/store/p36pgcv991mq5srvg765b78yqpxvk3qs-mesa-21.3.3-drivers/lib:/nix/store/mav4251if1ahjq5vkpwycyyvnmy459c4-pulseaudio-14.2/lib
DISPLAY=:0
LANG=en_US.UTF-8

Signal Handlers:
   SIGSEGV: crash_handler in libjvm.so, mask=11100100010111111101111111111110, flags=SA_RESTART|SA_SIGINFO
    SIGBUS: crash_handler in libjvm.so, mask=11100100010111111101111111111110, flags=SA_RESTART|SA_SIGINFO
    SIGFPE: crash_handler in libjvm.so, mask=11100100010111111101111111111110, flags=SA_RESTART|SA_SIGINFO
   SIGPIPE: IsolateEnterStub_IgnoreSIGPIPEStartupHook_noopSignalHandler_8f19bff2f35b5f630d83b364d6b2339320d4ec70_216e8361c6bc87a8f89f58cc10d3b2fd4415bf87 in libjvmcicompiler.so, mask=00000000000000000000000000000000, flags=SA_RESTART
  *** Handler was modified!
  *** Expected: javaSignalHandler in libjvm.so, mask=11100100110111111111111111111110, flags=SA_RESTART|SA_SIGINFO
   SIGXFSZ: javaSignalHandler in libjvm.so, mask=11100100010111111101111111111110, flags=SA_RESTART|SA_SIGINFO
    SIGILL: crash_handler in libjvm.so, mask=11100100010111111101111111111110, flags=SA_RESTART|SA_SIGINFO
   SIGUSR2: SR_handler in libjvm.so, mask=00000000000000000000000000000000, flags=SA_RESTART|SA_SIGINFO
    SIGHUP: UserHandler in libjvm.so, mask=11100100010111111101111111111110, flags=SA_RESTART|SA_SIGINFO
    SIGINT: UserHandler in libjvm.so, mask=11100100010111111101111111111110, flags=SA_RESTART|SA_SIGINFO
   SIGTERM: UserHandler in libjvm.so, mask=11100100010111111101111111111110, flags=SA_RESTART|SA_SIGINFO
   SIGQUIT: UserHandler in libjvm.so, mask=11100100010111111101111111111110, flags=SA_RESTART|SA_SIGINFO
  *** Handler was modified!
  *** Expected: javaSignalHandler in libjvm.so, mask=11100100110111111111111111111110, flags=SA_RESTART|SA_SIGINFO
   SIGTRAP: crash_handler in libjvm.so, mask=11100100010111111101111111111110, flags=SA_RESTART|SA_SIGINFO


---------------  S Y S T E M  ---------------

OS:
DISTRIB_ID=Ubuntu
DISTRIB_RELEASE=20.04
DISTRIB_CODENAME=focal
DISTRIB_DESCRIPTION="Ubuntu 20.04.2 LTS"
uname: Linux 5.19.0-1024-gcp #26~22.04.1-Ubuntu SMP Mon May 15 08:59:20 UTC 2023 x86_64
OS uptime: 0 days 1:18 hours
libc: glibc 2.35 NPTL 2.35 
rlimit (soft/hard): STACK 8192k/infinity , CORE infinity/infinity , NPROC infinity/infinity , NOFILE 5242/5242 , AS infinity/infinity , CPU infinity/infinity , DATA infinity/infinity , FSIZE infinity/infinity , MEMLOCK 8192k/8192k
load average: 8.89 10.75 10.94

/proc/meminfo:
MemTotal:       65852240 kB
MemFree:        23909300 kB
MemAvailable:   45655052 kB
Buffers:         1673272 kB
Cached:         19004248 kB
SwapCached:            0 kB
Active:          7516348 kB
Inactive:       30726308 kB
Active(anon):      20744 kB
Inactive(anon): 17311128 kB
Active(file):    7495604 kB
Inactive(file): 13415180 kB
Unevictable:       55872 kB
Mlocked:           55872 kB
SwapTotal:             0 kB
SwapFree:              0 kB
Zswap:                 0 kB
Zswapped:              0 kB
Dirty:              6776 kB
Writeback:             0 kB
AnonPages:      17268196 kB
Mapped:          2093548 kB
Shmem:             46824 kB
KReclaimable:    1561568 kB
Slab:            2569412 kB
SReclaimable:    1561568 kB
SUnreclaim:      1007844 kB
KernelStack:      436348 kB
PageTables:       237368 kB
NFS_Unstable:          0 kB
Bounce:                0 kB
WritebackTmp:          0 kB
CommitLimit:    32926120 kB
Committed_AS:   68333840 kB
VmallocTotal:   34359738367 kB
VmallocUsed:      473992 kB
VmallocChunk:          0 kB
Percpu:            44768 kB
HardwareCorrupted:     0 kB
AnonHugePages:   1189888 kB
ShmemHugePages:        0 kB
ShmemPmdMapped:        0 kB
FileHugePages:         0 kB
FilePmdMapped:         0 kB
HugePages_Total:       0
HugePages_Free:        0
HugePages_Rsvd:        0
HugePages_Surp:        0
Hugepagesize:       2048 kB
Hugetlb:               0 kB
DirectMap4k:     2136888 kB
DirectMap2M:    42948608 kB
DirectMap1G:    24117248 kB

/sys/kernel/mm/transparent_hugepage/enabled: always [madvise] never
/sys/kernel/mm/transparent_hugepage/defrag (defrag/compaction efforts parameter): always defer defer+madvise [madvise] never

Process Memory:
Virtual Size: 5054556K (peak: 5094208K)
Resident Set Size: 756360K (peak: 791292K) (anon: 561984K, file: 194376K, shmem: 0K)
Swapped out: 0K
C-Heap outstanding allocations: 44598K, retained: 16981K
glibc malloc tunables: (default)

/proc/sys/kernel/threads-max (system-wide limit on the number of threads): 514406
/proc/sys/vm/max_map_count (maximum number of memory map areas a process may have): 65530
/proc/sys/kernel/pid_max (system-wide limit on number of process identifiers): 4194304

container (cgroup) information:
container_type: cgroupv1
cpu_cpuset_cpus: 2-7
cpu_memory_nodes: 0
active_processor_count: 1
cpu_quota: 50000
cpu_period: 100000
cpu_shares: 512
memory_limit_in_bytes: 1048576 k
memory_and_swap_limit_in_bytes: 1048576 k
memory_soft_limit_in_bytes: 524288 k
memory_usage_in_bytes: 619216 k
memory_max_usage_in_bytes: 642644 k
maximum number of tasks: 1000
current number of tasks: 47

KVM virtualization detected
Steal ticks since vm start: 0
Steal ticks percentage since vm start:  0.000

CPU: total 8 (initial active 1) (8 cores per cpu, 2 threads per core) family 23 model 49 stepping 0 microcode 0xffffffff, cx8, cmov, fxsr, ht, mmx, 3dnowpref, sse, sse2, sse3, ssse3, sse4a, sse4.1, sse4.2, popcnt, lzcnt, tsc, tscinvbit, avx, avx2, aes, clmul, bmi1, bmi2, adx, sha, fma, vzeroupper, clflush, clflushopt, hv
CPU Model and flags from /proc/cpuinfo:
model name	: AMD EPYC 7B12
flags		: fpu vme de pse tsc msr pae mce cx8 apic sep mtrr pge mca cmov pat pse36 clflush mmx fxsr sse sse2 ht syscall nx mmxext fxsr_opt pdpe1gb rdtscp lm constant_tsc rep_good nopl nonstop_tsc cpuid extd_apicid tsc_known_freq pni pclmulqdq ssse3 fma cx16 sse4_1 sse4_2 movbe popcnt aes xsave avx f16c rdrand hypervisor lahf_lm cmp_legacy cr8_legacy abm sse4a misalignsse 3dnowprefetch osvw topoext ssbd ibrs ibpb stibp vmmcall fsgsbase tsc_adjust bmi1 avx2 smep bmi2 rdseed adx smap clflushopt clwb sha_ni xsaveopt xsavec xgetbv1 clzero xsaveerptr arat npt nrip_save umip rdpid

Online cpus: 0-7
Offline cpus: 
BIOS frequency limitation: <Not Available>
Frequency switch latency (ns): <Not Available>
Available cpu frequencies: <Not Available>
Current governor: <Not Available>
Core performance/turbo boost: <Not Available>

Memory: 4k page, physical 1048576k(429368k free), swap 0k(0k free)
Page Sizes: 4k

vm_info: OpenJDK 64-Bit Server VM (17.0.5+8-jvmci-22.3-b08) for linux-amd64 JRE (17.0.5+8-jvmci-22.3-b08), built on Oct 19 2022 09:01:27 by "buildslave" with gcc 10.3.0

END.
